3 0 158 252 
3 1 210 286 
3 2 195 254 
4 3 105 162 244 
4 4 130 190 287 
2 5 125 
3 6 134 253 
3 7 108 138 
3 8 166 247 
3 9 141 285 
2 10 243 
2 11 274 
2 12 207 
3 13 132 255 
3 14 118 206 
2 15 170 
2 16 227 
3 17 131 256 
4 18 173 238 282 
3 19 165 265 
3 20 192 257 
3 21 148 235 
3 22 146 262 
3 23 184 232 
3 24 104 204 
2 25 203 
4 26 117 230 290 
4 27 129 183 213 
2 28 185 
3 29 142 246 
4 30 109 144 214 
2 31 154 
3 32 193 258 
3 34 137 218 
3 35 119 284 
3 37 172 233 
2 38 156 
3 39 149 261 
4 40 169 267 299 
2 41 186 
2 42 242 
3 43 182 277 
4 44 113 200 295 
3 45 107 201 
2 46 177 
2 47 219 
2 48 228 
2 49 239 
4 50 178 251 294 
5 51 122 136 215 280 
3 52 133 248 
3 53 159 268 
2 54 224 
4 55 115 157 259 
3 56 120 196 
3 57 197 293 
3 58 114 225 
2 59 161 
4 60 124 211 279 
4 61 110 147 217 
3 62 139 260 
2 63 220 
3 64 116 272 
3 66 106 266 
2 67 143 
3 68 187 241 
4 69 150 222 231 
4 70 160 270 291 
3 71 151 245 
3 72 126 283 
3 73 188 264 
2 74 181 
3 75 163 298 
3 76 155 250 
2 77 152 
3 78 128 205 
3 79 176 297 
3 80 198 273 
3 81 189 269 
3 82 121 281 
2 83 237 
3 84 145 263 
2 85 194 
3 86 123 240 
3 87 164 249 
2 88 202 
2 89 236 
3 90 135 271 
3 91 127 292 
3 92 153 278 
4 93 103 175 226 
3 94 199 212 
3 95 140 276 
2 96 229 
3 97 191 209 
2 98 171 
3 99 111 223 
3 100 112 288 
2 101 174 
3 102 208 289 
