21 0 732 1021 1601 1869 2146 2330 3031 3384 3857 4087 4552 4774 5475 6789 7026 7199 7369 7825 8626 9885 
18 1 1049 1337 1613 2019 2414 2624 2946 3394 3728 4100 4734 5659 6117 6750 7395 8058 9097 
19 2 594 1224 1662 1814 2238 2523 2888 3313 3814 3905 4459 4624 5321 5786 6840 7917 9013 9906 
7 3 730 1085 1699 2025 2423 2591 
22 4 475 687 1379 1690 2109 2462 2964 3458 3706 4004 4563 5035 5326 5795 6153 6549 7054 7766 8567 9086 9747 
21 5 552 875 1165 1412 1694 1984 2236 2477 2777 3315 4161 4448 4735 5462 5992 6782 7681 7969 8770 9776 
22 6 549 1401 1985 2222 2501 2740 2992 3136 3542 3719 4038 4293 4418 4714 5185 5750 6235 6668 7896 8582 8891 
18 7 517 868 1238 1727 2022 2354 2822 3392 3650 4158 4816 4993 5197 5831 6720 7828 9239 
10 8 456 889 1232 1451 1632 2015 3269 4818 8572 
20 9 419 557 807 1466 2247 2556 3112 3377 3783 4107 4766 5403 5755 6105 6599 7126 8076 8669 9716 
22 10 600 1290 1742 2045 2255 2598 2733 2975 3198 3668 4010 4258 4682 4835 5345 5964 6528 7034 7772 8592 9955 
25 11 539 1175 1495 1780 2344 2671 2805 3379 3726 3922 4211 4357 4474 4864 5119 5309 5422 5574 5942 6046 6675 7251 8174 9025 
17 12 617 690 1031 1343 1652 2202 2721 3008 3642 3945 4320 5030 5638 6721 7623 9010 
16 13 603 964 1552 1713 2415 2941 3330 3986 4791 5339 5826 6219 6511 7335 8947 
20 14 580 1199 1521 1881 2000 2416 2780 3004 3348 3631 3916 4239 4626 5106 5754 6174 7238 7571 8162 
22 15 534 877 1095 1413 1763 2198 2504 2913 3383 3563 4039 4140 4610 5170 5449 5775 6246 6494 6861 7049 7458 
19 16 546 913 1149 1515 2027 2454 3084 3522 3659 4117 4551 4982 5301 5812 6688 7765 8311 9334 
22 17 565 1010 1418 1600 1941 2313 2485 2898 3132 3360 3745 3934 4294 4685 5135 5418 5725 6322 7708 8320 9326 
15 18 869 1202 1480 1845 2324 2669 3658 4716 5336 5787 6301 7527 8618 9829 
11 19 403 596 883 1291 1592 1743 2095 2216 2660 5688 
24 20 420 655 1071 1403 1511 1736 2281 2579 2937 3276 3506 3800 3957 4454 4715 5130 5741 5938 6295 6895 7831 8751 9936 
19 21 824 1205 1409 1667 2033 2258 2760 3201 3310 3599 3890 4506 5330 6074 7012 7820 8226 9413 
20 22 577 842 910 1148 1470 1658 1935 2320 2704 2961 3166 3512 3918 4531 4680 5122 5591 6080 6610 
15 23 1838 3256 3676 4060 4498 4789 5036 5446 5922 6256 7402 7673 8674 9176 
15 24 638 864 1503 1739 1926 2098 2512 2906 3083 3225 4837 7412 8151 8818 
20 25 1125 1363 1732 2029 2469 2803 2973 3300 3794 4257 4675 5095 5372 5928 6339 7310 8398 8880 9971 
19 26 733 990 1267 1649 2148 2553 2809 3262 3463 3808 4069 4777 5146 5558 5891 7540 8202 9606 
20 27 665 911 1265 1479 1811 2138 2470 2855 3219 3909 4248 4324 4631 5037 5296 6291 8168 8556 9726 
22 28 491 714 1174 1575 1858 2220 2622 2890 3308 3597 3897 4125 4487 4779 5265 5823 6588 7055 7577 8352 9461 
15 29 528 991 1438 1781 2184 2549 2971 3263 3508 4170 4621 5156 5657 5985 
13 30 446 1076 1311 1735 2046 2172 2541 4075 5807 6612 7751 8722 
19 31 902 1590 2132 2656 3063 3352 3490 3868 4319 4780 4943 5247 5722 6047 6445 7437 8313 8971 
13 32 661 1052 1253 1715 1947 2525 2861 3181 3822 4279 4588 6761 
19 33 914 1247 1382 1556 1833 2338 2833 3033 3311 4003 4423 4890 5173 5739 6343 7056 8607 9771 
20 34 457 1145 1431 1962 2282 2506 2683 3217 3338 3908 4261 4737 5138 6082 6458 6941 8044 8541 9573 
10 35 952 1540 1874 3278 5056 5483 5811 6600 9677 
19 36 490 888 1215 1587 1914 2287 2597 3032 3157 3304 3865 4385 5107 5588 6001 6104 7057 8384 
12 37 704 916 1279 1572 1938 2086 2306 2693 3456 3760 6099 
21 38 551 787 1182 1443 1798 1966 2083 2355 2761 3028 3931 4269 4747 5244 5493 5927 6419 6995 8372 9365 
12 39 688 1195 1818 2160 2607 2705 2810 2951 4639 7036 8110 
20 40 882 1161 1336 1519 1961 2409 2708 2923 3386 3694 4384 4804 5006 5302 5706 6113 6890 7408 8411 
7 41 636 1339 3698 6876 7659 8641 
13 42 755 1302 1529 2714 4220 4770 5063 5532 6454 7484 8386 9198 
20 43 847 1375 1856 1991 2411 2865 3299 3595 3983 4264 4477 4920 5286 5680 6010 6937 7374 8138 8724 
10 44 426 711 873 2207 3420 3767 4900 5642 5975 
23 45 585 900 1079 1255 1444 1952 2121 2379 2685 2924 3068 3271 3667 4254 4729 4961 5277 5365 6170 7163 7964 8441 
23 46 726 1369 1705 2073 2331 2606 2767 3107 3409 3761 3872 4050 4163 4453 4870 5129 5489 6065 6754 7611 8304 9531 
22 47 876 1576 1857 2183 2348 2562 2753 2967 3274 3436 3619 4051 4524 4985 5450 6176 6542 7082 7676 8460 9354 
14 49 478 766 2111 3621 3790 4186 4363 4776 5147 5784 6520 8374 9918 
16 50 700 1181 1514 1835 2310 2695 3019 3441 3793 4018 4160 4370 4710 5104 5478 
13 51 646 932 1360 1680 2054 2361 2657 2956 3182 3363 3696 5894 
24 52 452 785 1120 1405 1636 1916 2260 2404 2734 2877 3223 3711 4032 4739 5068 5231 5618 6394 6577 7473 7978 9063 9614 
20 53 415 1081 1321 1618 2059 2381 2863 3192 3438 3937 4164 4533 4989 5373 6236 7063 7201 7753 9454 
16 54 466 681 939 1091 1414 1665 2105 2319 2638 2928 3287 3638 5198 8084 8964 
16 55 741 1146 2583 3874 4098 4283 4505 4805 5080 5640 6130 6429 6999 7992 9648 
21 56 462 724 1168 1509 1722 2221 2484 2834 3081 3424 3801 4132 4576 5022 5416 5989 6325 7305 8392 8972 
21 57 621 844 1101 1356 2071 2635 2846 2963 3233 3417 3746 4024 4427 5153 5643 6175 6661 7584 8482 9332 
16 58 644 1002 2218 3210 3589 3903 4486 4930 5271 5581 6017 6300 7031 8735 9178 
18 59 582 1063 1277 1595 1919 2357 2648 3105 3323 3899 4154 4883 5048 5736 6275 6994 8279 
25 60 545 736 1198 1494 1609 1903 2103 2318 2435 2738 2974 3390 3725 3901 4259 4416 4849 5220 5396 5910 6531 7183 8461 9323 
15 61 641 1879 3403 3700 3991 4300 4517 4702 5118 5476 5801 6482 7954 9439 
21 62 418 907 1358 1701 2039 2233 2532 2916 3167 3553 3995 4202 4429 4678 5488 5646 6653 7625 8455 9522 
11 63 476 2785 5255 5947 6234 6592 6949 7859 8684 9336 
21 64 510 827 1039 1262 1622 1937 2194 2675 2912 3176 3507 4243 4633 4917 5219 5506 6022 6635 7289 8119 
16 65 523 662 921 1384 1812 1981 2270 2716 3044 3601 3782 4022 4640 5575 5979 
22 66 671 841 994 1440 1724 2120 2380 2747 3153 3400 3645 3948 4229 4534 4828 5179 5644 6035 6997 7959 8612 
16 67 848 922 1124 1349 1639 1987 2230 2498 2828 3193 4514 6313 7393 8527 9601 
20 68 449 653 887 1193 1456 1865 2125 2702 3318 3724 3871 3943 4252 4999 5203 5821 6990 7834 8522 
18 69 718 1004 1333 1821 2395 2930 3082 3296 3723 4607 4886 5293 5857 6433 7304 8183 8755 
23 70 658 948 1419 1661 1955 2124 2465 2818 3009 3131 3430 4185 4253 4426 5042 5280 5529 5984 6479 7023 8634 9351 
7 71 1050 1303 1749 2166 2960 3202 
20 72 554 754 885 1203 1416 2182 2625 2848 3115 3231 3573 3751 4488 5166 5669 6468 7315 8349 9639 
17 73 614 1171 1411 2251 2729 3356 3863 4337 5202 5767 6242 6944 7281 7785 8523 9834 
15 74 788 1441 1560 2072 2677 3091 3713 3946 4234 4432 5264 5877 6819 7519 
19 75 699 993 1227 1454 1751 2293 2724 2943 3388 4066 4616 5097 5407 5836 6401 7093 7938 8948 
21 76 753 1242 1569 1860 2391 2610 2823 2996 3133 3195 3252 4110 4493 5224 5841 6341 6578 7202 8690 9369 
19 77 601 1179 1320 1905 2274 2386 2565 2826 3064 3325 4065 4922 5677 6111 6576 7533 8707 9396 
14 78 550 1011 1184 1563 3211 5101 5546 6109 6810 7593 8015 8666 9792 
9 79 569 899 1344 3161 5572 7545 8061 9909 
17 80 798 1345 1775 2225 2533 2993 3344 3579 3813 4191 4950 5951 6508 6768 7423 8430 
22 81 627 1001 1308 1611 1757 2158 2358 2639 2864 3206 3628 3810 4409 4952 5874 6057 6444 6918 7261 8215 9673 
20 82 757 940 1391 1842 2188 2473 2831 3226 3484 3669 4035 4556 5051 5267 5549 6221 7087 7943 8701 
19 83 693 1402 1544 1836 2442 2690 3128 3473 3733 4150 4686 5236 5918 6998 7806 8363 8775 9638 
21 84 777 1109 1422 1944 2360 2886 3102 3495 3765 4030 4401 5033 5275 5534 5896 6282 6976 7989 9059 9937 
23 85 675 909 1090 1433 1975 2659 2789 2932 3203 3339 3552 4146 4719 5011 5447 5796 6204 6453 7073 7937 9271 9922 
15 86 576 1278 1516 1785 3061 4823 5648 6546 6812 7526 8171 8558 9215 9781 
15 87 438 989 1417 1669 1922 3162 4422 4692 4942 5512 5884 6685 7027 7997 
21 88 417 583 953 1107 1524 2101 2468 2819 3477 3623 3769 3996 4371 4769 5246 5740 6127 7252 8391 9243 
16 89 1530 2538 2914 3143 3610 3980 4362 4743 5165 5294 6193 6616 7718 8423 8898 
19 90 743 1147 1424 1830 2092 2403 2731 3030 3721 4201 4425 4625 5178 6037 7083 7478 8265 9717 
15 91 505 843 1164 1316 1848 2253 2429 2650 2988 3119 3717 4167 4417 6545 
21 92 632 856 1329 1522 1930 2175 2567 2827 3254 3515 4129 4402 4695 5139 5707 6158 7279 7755 8113 9703 
17 93 772 1207 1325 1847 2499 3150 3521 3805 4356 4892 5229 5923 6180 6701 7788 9257 
22 94 498 897 1287 1620 1887 2159 2322 2545 2750 2952 3204 3587 3852 4315 4662 5145 5322 5850 6773 7899 9759 
20 95 620 1152 1491 1567 1642 2223 2601 2815 3111 3727 4159 4540 4896 5230 5630 5977 6791 7476 9034 
16 96 616 853 1143 2228 3455 3792 4053 4313 4569 5200 5545 5911 6184 7239 9552 
19 97 867 1747 2219 2428 2791 3050 3466 3789 4318 4623 5029 5555 5854 6147 6748 7100 8078 9380 
16 98 648 979 1313 1826 1998 3191 4790 4947 5435 5760 6346 7131 7487 8365 9650 
18 99 440 1005 1462 2112 2637 3121 3514 3707 3838 4131 4336 4635 5016 5408 5950 7345 8839 
19 100 587 792 1046 1582 2085 2271 2580 2929 3452 3867 4168 4440 4561 5072 5790 6349 7955 8538 
19 101 955 1263 1490 1771 2040 2329 2744 3113 3493 3686 4104 4413 4862 5536 6448 7032 7784 9536 
10 102 588 1176 1678 1876 2269 2836 3893 4138 6368 
26 103 404 421 619 871 1372 1580 1750 1933 2351 2694 3027 3533 3823 3933 4148 4575 5132 5672 6299 6522 6867 7803 8178 8980 9484 
19 104 473 769 862 1065 1442 2077 2352 2575 2981 3660 4280 4669 5136 5824 6079 6564 7700 8925 
23 105 667 980 1089 1270 1449 1655 1988 2292 2653 3046 3395 3837 4179 4274 4778 5215 5666 6266 6732 7300 7904 9432 
18 106 677 784 1348 1504 1806 2300 2921 3267 3688 4149 4721 4897 5171 5762 7368 9309 9808 
21 107 413 578 1080 1298 1790 2150 2548 3071 3543 4045 4354 4596 5065 5225 5586 5945 6347 6488 6644 8451 
14 108 796 1057 1196 1330 1623 2243 2475 2839 3125 3570 4025 4317 6390 
13 109 548 1190 2793 4232 4554 5075 5436 5832 6086 6603 7416 8877 
20 110 739 1072 1326 1915 2438 2667 2935 3279 3558 3839 4049 4372 4612 5176 5869 6335 7112 8019 9311 
17 111 720 898 1428 1764 2191 2889 3737 4289 4539 5010 5352 5834 6427 7539 8756 9568 
15 112 573 817 1087 1696 1859 2136 2552 3086 4398 6142 6931 7436 9069 9764 
19 113 778 1141 1378 1640 1913 2337 3006 3370 3586 3895 4210 4708 5276 5474 6049 6844 7371 8070 
18 114 567 995 1588 2058 2382 2882 3297 4005 4700 5518 6233 7079 8012 8255 8712 9201 9993 
21 115 838 1062 1276 1508 1882 2383 2703 3000 3295 3598 3979 4227 4403 4972 5482 6573 7106 7565 8744 9499 
12 116 703 1026 1331 1803 3158 4629 5590 6667 7378 8001 8825 
19 117 518 854 1394 1728 1877 2229 2443 2835 3293 3657 3992 4382 4757 5331 5946 6397 8364 9690 
17 118 437 1153 1819 2195 2406 2807 3090 3509 3829 4369 4548 5157 5791 6314 7311 8000 
13 119 563 2299 4166 4758 5162 5528 5900 6604 7111 7590 8216 8753 
12 120 747 997 1206 2171 3690 4407 4909 5152 5772 6514 7809 
18 121 489 996 1327 1615 2128 2673 2982 3368 3977 4285 4489 4971 5647 6328 6534 6988 8490 
22 122 590 927 1173 1388 1606 1940 2572 2811 3243 3618 3846 4097 4308 4618 4880 5194 5605 6114 7050 8396 9721 
12 123 482 933 1426 2115 2472 2784 2905 3149 3389 3975 4469 
16 124 666 2140 3571 3938 4262 4619 4773 5443 5936 6434 6835 7157 8166 9126 9635 
22 125 555 956 1112 1463 1666 2302 2713 2997 3240 3520 3714 3968 4431 5195 5427 5810 6358 6892 7995 8503 9970 
21 126 740 1088 1532 1730 1897 2215 2586 2797 3098 3327 3639 3815 4037 4221 4608 4998 6126 6658 7136 8126 
19 127 833 1183 1533 2170 2323 2687 2979 3292 4000 4484 4722 5499 5778 6230 7223 7739 8305 8949 
12 128 454 1117 1546 3076 4698 5181 5871 6631 7818 8152 9131 
23 129 531 825 1283 1641 1936 2398 2633 2856 3080 3440 3677 3963 4198 4541 5078 5511 5763 6690 7133 8013 8508 9765 
20 130 637 821 1029 1200 1386 1539 2016 2417 2878 3238 3606 3955 4314 4762 5448 5897 6665 8499 9791 
19 131 533 1053 1269 1920 2662 2841 3037 3155 3369 3663 3961 4118 4365 4765 4925 5490 6083 6834 
20 132 611 803 1035 1700 2151 2364 2748 3169 3502 3866 4054 4647 5288 5726 5889 6841 7467 8249 9669 
17 133 484 962 1502 1801 2041 2178 2661 2804 2900 3010 3246 4041 4267 4604 6594 9203 
20 134 424 836 1219 1731 2056 2439 2919 3328 3701 3939 4174 4803 5041 5404 6016 7038 7986 8919 9753 
10 135 606 950 1351 1928 2227 2389 2631 2887 5376 
21 136 447 810 1030 1222 1436 1660 2169 2307 2510 2972 3401 3537 3978 4276 4438 5046 5627 6032 7189 8862 
16 137 1186 1980 2291 2644 2944 3873 4501 4787 4889 5114 5428 5937 6386 6845 8319 
21 138 481 965 1408 1964 2210 2326 2766 2922 3416 3836 4108 4408 4545 4727 5641 6195 6759 7404 8235 9916 
16 139 436 781 872 2461 3799 3962 4312 4712 5199 5747 6532 7039 7514 7979 8606 
22 140 746 1038 1318 1761 1971 2032 2341 2674 2915 3189 3567 3965 4310 4746 5174 5789 6118 7124 7781 8532 9642 
20 141 774 1257 1585 1837 2165 2426 2850 3376 3747 3982 4366 5057 5232 5681 6178 6632 7160 7932 8704 
20 142 485 622 1073 1682 2094 2488 2812 3427 4077 4246 4638 4904 5298 5924 6215 6530 7639 8054 8468 
17 143 562 954 1312 1404 1497 1573 1890 2203 2459 2668 3116 3703 4433 5044 5297 5578 
16 144 592 1115 1498 1840 1969 2394 2620 4016 5621 6496 6664 7288 7991 9120 9921 
20 145 441 852 1332 1644 2044 2261 2623 2762 3117 3470 3797 4155 4463 4850 5350 6309 6911 8417 9145 
16 146 670 1097 1476 1778 3214 4519 4645 5052 5463 6250 7044 7669 8589 9329 9967 
13 147 684 1334 1570 1921 2366 2741 3034 3326 3498 3691 3949 4557 
10 148 727 1099 1399 3591 6691 7350 7974 8217 9417 
10 149 657 1239 1526 1844 3588 5634 6846 7723 8238 
19 150 507 1092 1733 2023 2179 2345 2608 3268 3664 3741 4189 4802 5496 5972 6391 6870 7821 8879 
17 151 624 1167 1477 1895 2254 2495 3069 3459 3530 3950 4516 5099 5813 7356 8574 9049 
20 152 522 790 1078 1364 1891 2186 2821 2998 3451 3892 4204 4667 4987 5180 5430 6097 6823 7617 8397 
17 153 822 1310 1707 1977 2577 2857 3399 3554 3796 4093 4447 4846 5547 6060 7295 8913 
21 154 408 970 1593 1901 2167 2640 2909 2991 3249 3547 4026 4292 4628 4927 5186 5732 7008 7607 8308 9250 
19 155 591 884 1583 1789 2304 2795 3199 3679 4111 4368 4730 5388 5840 6598 7604 7996 8942 9290 
10 156 660 905 1387 1663 2063 2430 4361 7667 9374 
20 157 568 1245 1635 1779 2127 2503 2872 3222 3671 3907 4086 4399 4751 5175 5508 5935 6423 7002 7376 
12 158 608 938 1367 1931 2272 2490 2752 3142 3653 4070 6124 
13 159 442 941 1209 1604 1995 2349 2524 3016 3291 4808 7450 8633 
12 160 705 881 1610 2189 2447 2830 3185 3709 5697 9517 9860 
19 161 706 1220 1373 1591 1965 2371 2630 3062 3314 3494 3910 4381 4865 5629 5961 6553 7563 8622 
19 162 680 1158 1485 1813 2108 2494 2725 2947 3434 3914 4272 4745 5253 5694 6225 6993 8442 9241 
9 163 540 966 1140 2399 3730 4091 4580 5573 
18 164 435 829 1309 1549 1740 1918 2518 2910 3447 3984 4345 4955 5374 5930 6650 7878 9604 
23 165 973 1295 1518 1792 2134 2585 2957 3266 3486 3683 3860 4076 4443 4919 5151 5606 5973 6760 7336 7822 8234 9048 
22 166 470 960 1254 1566 1878 2425 2712 2942 3227 3636 4040 4316 4547 5125 5585 5852 6383 6613 7359 8488 9184 
17 167 525 851 1009 1550 1973 3261 4641 4902 5303 5568 5925 6723 7158 7839 8280 9129 
15 168 459 604 1104 1285 1853 2119 2412 3878 5410 5793 6287 7586 8424 9876 
12 169 411 793 1122 1406 1822 1927 2212 4333 7225 7968 9637 
9 170 433 511 923 2340 3590 3928 4193 4646 
17 171 406 508 760 986 1347 1654 2342 2779 3172 3523 3912 4120 4321 5988 8336 9294 
20 172 463 529 689 893 1188 1475 1841 2049 2544 2965 3272 3941 4967 5460 5839 6447 7283 7951 9227 
19 173 742 1368 1617 1827 2051 2491 3093 3209 3531 3926 4560 4915 5439 5822 6157 6889 8350 9960 
8 174 1624 3059 3349 3666 3953 4329 6384 
19 175 544 729 797 1047 1407 1825 2076 2280 2436 2746 2858 3289 3674 4009 4390 5361 6499 7881 
8 176 715 1024 1630 1805 2013 2176 4620 
17 177 422 782 1019 1094 1460 1816 2199 2431 2749 3216 3681 3989 4203 4325 6330 9644 
15 178 458 984 1810 1934 2213 2363 2486 4241 5944 6551 7051 7780 8132 9206 
20 179 934 1163 1659 2042 2427 2684 3152 3365 3695 3921 4268 4697 5329 5624 6224 6986 7705 8497 9507 
8 180 2283 4052 5058 5639 6421 7264 8414 
22 181 410 673 1137 1445 1602 1907 2211 2615 3003 3366 3624 4330 4500 5270 5682 6095 6671 7001 7717 8096 8526 
23 182 514 780 1127 1342 1753 2149 2240 2570 2847 3094 3439 4079 4464 4912 5092 5398 5893 6396 7509 7795 8142 8740 
10 183 1040 1708 2038 2445 4165 6241 6991 7756 9168 
23 184 701 936 1305 1489 1683 1963 2235 2526 2728 2926 3317 3649 3845 4237 4529 4918 5481 6014 6852 7642 8723 9599 
23 185 560 931 1271 1702 2005 2314 2626 2958 3137 3583 3885 4099 4581 4860 5102 5527 6091 6472 7244 8106 8647 9465 
10 186 626 773 2768 5357 5802 6507 7132 7644 8278 
19 187 537 763 1069 1307 1559 2088 2587 2954 3812 4152 4731 4996 5676 6342 7033 7520 8517 9615 
24 188 516 786 1045 1292 1527 1675 1893 2335 2759 3241 3290 3536 4298 4670 4871 5128 5313 5848 6267 6715 7618 8130 8885 
8 189 809 1234 1608 1866 2336 2573 5390 
7 190 643 1282 1772 2257 2528 4891 
19 191 861 1180 1762 2010 2242 2614 2936 3284 3617 3854 3973 4465 5456 6036 6443 6792 8156 9555 
15 192 495 857 1274 1558 1768 2190 2448 3777 5190 5830 6506 7409 8123 8561 
10 193 593 971 1105 2539 3842 4256 4668 5272 6090 
24 194 783 1028 1365 1867 2153 2460 2817 2860 3187 3592 4062 4130 4265 4674 4861 5076 5233 5687 6273 6590 6781 7241 8778 
11 195 634 1067 2902 4974 5471 6388 6948 7480 8097 9277 
19 196 830 1070 1370 1619 1960 2305 2628 2781 2994 3312 4061 4582 4932 5550 6464 7053 8080 9476 
19 197 682 863 1058 1487 1797 2309 2592 3096 3489 3803 4145 4538 4898 6107 6432 7262 7813 9269 
12 198 835 2290 3841 4142 4584 5098 5960 6617 7783 8147 9711 
20 199 799 1507 1688 1953 2325 2527 2845 3160 3511 3831 4178 4397 4676 4876 5284 6461 7382 7953 8654 
24 200 483 806 894 1637 1990 2294 2449 2589 3139 3391 3556 3864 4478 4783 4916 5083 5691 5999 6148 6933 7824 8197 9430 
18 201 471 812 1214 1531 1912 2278 2720 2892 2977 3609 3971 4335 4830 5509 6766 8089 9494 
16 202 547 819 1464 2026 2557 2813 3092 3524 3757 3970 4383 4542 4928 5281 7011 
13 204 409 820 2990 5239 5768 5949 6769 7559 8232 9115 9427 9714 
22 205 429 652 1083 1501 1738 1976 2327 2700 3042 3334 3925 4266 4513 4931 5714 6209 6435 7161 7702 8941 9887 
20 206 708 1160 1510 1631 1809 2113 2402 2754 3229 3858 4244 4752 5149 5452 6011 6352 6725 8082 9700 
12 207 808 1136 1240 1541 2030 2288 4036 6232 6943 7688 9117 
19 208 761 1108 1714 2118 2515 2773 3237 3752 4311 4578 4964 5333 5805 6372 7441 7977 8552 9756 
17 209 685 1289 1864 2173 2849 3347 3662 3942 4392 4878 5062 5905 6465 7649 8884 9953 
19 210 579 1093 1691 1883 2079 2286 2463 3134 3716 4001 4380 4933 5073 5260 6108 7173 7836 9736 
17 211 1395 1872 2117 2466 2764 3154 3467 3775 4162 4649 5141 6077 6505 7328 8480 9210 
13 212 976 1354 1831 2143 2396 2643 2866 4273 6151 6797 7152 8581 
17 213 467 751 915 1421 2096 2756 3228 3454 3944 4177 4763 5720 6146 6779 7832 8332 
22 214 553 1154 1488 1807 1967 2205 2316 2726 3077 3277 3735 4013 4235 4798 5148 5411 5745 6152 7424 8222 8908 
22 215 570 818 992 1231 1603 1852 2181 2554 2737 2931 3397 3749 4169 4813 4970 5133 5613 5842 6955 8041 8676 
14 216 912 1211 1481 2014 2266 2487 2959 3620 4105 4351 4771 5067 7855 
15 217 850 1248 1469 1656 2020 2177 3478 5257 5597 6619 6968 7725 8519 9200 
7 218 1787 3418 3680 3999 4473 4941 
21 219 609 1210 1383 1614 1875 2234 2602 2938 3101 3474 3634 3993 4196 4530 5024 5873 6431 7128 7385 8165 
19 220 676 1169 1468 1741 1948 2420 2681 2739 2987 3561 3770 3969 4303 4841 5334 6207 7976 8716 
17 221 635 828 1249 1744 2359 2953 3481 3853 4230 4634 4738 5074 5623 6210 6623 6960 
18 222 460 707 1118 1720 2334 2852 3283 3646 3850 4400 5020 5633 5997 7074 7801 8717 9451 
22 223 629 1204 1681 1958 2081 2377 2719 2899 3123 3331 3472 3876 4074 4732 5013 5362 5753 6487 6945 7736 8543 
18 224 721 930 1172 1453 1799 1959 2413 3056 3685 4389 4759 5347 6088 6467 7358 8120 9850 
9 225 513 1000 3357 5940 6171 6495 7641 8921 
20 226 654 1286 1910 2114 2298 3022 3581 3804 4222 4348 4434 4725 4975 5458 5738 6229 6973 7844 9786 
16 227 712 1328 1693 1972 2099 3213 4684 4806 4945 5413 5696 6154 7068 8299 9383 
22 228 464 987 1361 1686 1902 2301 2609 2985 3186 3602 3791 4212 4597 5053 5645 6045 6364 6726 7146 8331 9589 
13 229 945 1201 1474 2062 2297 3742 6257 6854 7185 7985 8453 9600 
11 230 947 1415 1786 2090 2204 2745 3173 3614 5348 9739 
20 231 623 917 1102 1598 1850 2066 2241 2390 2502 3239 3469 3820 4119 4595 5154 5728 6217 7338 8083 
15 232 461 943 2317 3640 3886 4175 4884 5269 5610 6303 7029 7696 8211 9061 
9 233 1638 2751 3832 5595 5898 6878 7601 9154 
17 234 595 1006 1314 1577 1670 2471 2770 2983 3501 3843 4012 4566 4905 5207 5459 5886 
10 235 651 1075 1376 3212 5461 6285 7069 8507 9676 
19 236 497 1016 1671 2249 2593 3057 3432 3987 4236 4599 5000 5614 5943 6406 7517 8333 9343 9533 
20 237 472 728 886 1098 1437 1687 1839 2130 2513 2618 2782 3443 3718 4113 4393 4609 4929 5392 5969 
22 238 586 957 1500 1765 2122 2632 3007 3316 3414 3643 4002 4270 4512 4785 5121 5542 5939 6260 6914 8137 9486 
14 239 428 816 1288 1423 1796 1956 3163 5116 5749 6687 8371 8765 9749 
7 240 1605 2874 2962 3174 3491 6019 
8 241 664 998 1505 1777 2285 2876 3539 
16 242 556 977 1557 1794 2239 2481 3012 3687 4058 5004 5752 6365 7721 8467 9088 
18 243 738 1362 1737 2155 2678 3407 3920 4304 4412 5047 5551 5965 6231 7017 8002 8927 9895 
24 244 543 804 1177 1597 2048 2268 2536 2799 2880 3124 3413 3734 4055 4288 4522 4683 4963 5431 6185 6646 7151 7733 9488 
10 245 405 640 1027 2476 4085 4364 4831 5251 5513 
20 246 530 764 1191 1513 2104 2458 2663 3110 3419 3807 4183 4590 5038 5455 6187 6775 7789 8710 9448 
14 247 735 1187 1452 1756 2047 2276 2543 2854 3048 3354 3870 5652 9099 
10 248 492 2689 5050 5580 6112 6881 8036 8195 9004 
20 249 801 1068 1217 1537 1911 2180 2385 2560 2743 3054 3374 3779 4141 4472 5211 5956 6249 7214 8201 
20 250 503 815 1324 1684 1979 2311 2686 3073 3305 3672 3802 4182 4457 4671 5023 5533 6363 7600 9875 
24 251 678 951 1355 1486 1906 2164 2388 2520 2867 3244 3322 3732 3847 4190 4342 4598 4775 5103 6073 6492 6684 7589 8943 
11 252 469 719 2368 4281 4881 5378 6063 7144 7744 8797 
18 253 602 879 1574 1946 2400 2730 3072 3450 3625 4242 4518 4800 5031 5484 6072 7115 8048 
20 254 776 1397 1820 2021 2437 2814 3184 3545 3781 3932 4136 4510 4921 5368 5498 6428 7030 7524 8874 
19 255 659 1037 1862 2706 3164 3355 3526 3924 4156 4562 4899 5341 5631 6286 6962 7606 8337 9331 
16 256 558 1121 1396 1657 2031 2530 2897 3247 3516 4378 4726 4983 5561 6728 7482 
21 257 501 1134 1252 1834 1888 2232 2408 2604 2868 3205 3633 4172 4723 5423 5843 6640 6917 7898 8905 9811 
20 258 748 1380 1745 2069 2517 2989 3335 3492 3929 4424 4622 5093 5249 5354 5733 6555 7105 7880 8888 
7 259 855 1135 3449 6847 7758 8865 
21 260 612 858 1106 1390 1766 2185 2453 2742 3085 3464 3904 4359 4509 4923 5268 5867 6586 7213 7722 8340 
20 261 734 1151 1676 2137 2492 2871 3141 3353 3566 4081 4338 4574 4847 5110 5344 6028 7035 7842 8895 
10 262 502 866 1033 1695 2594 3465 3736 4275 4793 
16 263 499 2084 3404 3641 3894 4014 4114 4452 4617 4934 5552 5705 6477 8327 9172 
14 264 618 834 1051 1400 1769 2295 2542 2824 3060 3504 4127 4736 7219 
19 265 752 1119 1760 2224 2353 2641 2851 3385 3952 4508 4893 5115 5432 6038 6624 7469 8154 9350 
13 266 465 924 1226 1553 1997 2201 2480 3275 3517 3712 4006 5828 
21 267 845 1218 1446 1943 2273 2464 2727 3035 3138 3626 3699 4122 4672 5216 5563 6211 6935 8022 8389 9787 
19 268 695 1139 1389 1645 2043 2174 2489 2707 2940 3255 3644 4029 4611 4992 5637 6351 7182 8837 
19 269 759 988 1317 1612 1899 2289 2546 3013 3408 3900 4306 4655 5085 5611 5845 6525 7472 8726 
22 270 559 981 1294 1689 2196 2600 2786 3100 3402 3656 3994 4151 4444 4499 4809 5002 5492 6084 6700 7454 8221 
19 271 698 1273 1894 2206 2509 3040 3499 3759 4134 4651 5242 5617 5932 6585 7095 7845 8685 9567 
10 272 564 903 1192 3235 5765 6145 7154 8091 8554 
12 273 486 1296 1673 2007 2692 3288 4419 6355 7851 8939 9773 
22 274 512 779 892 1008 1432 1843 2162 2482 2783 3023 3748 4219 4461 4859 5096 5379 6034 6374 6853 7413 8124 
19 275 584 1398 1884 2093 2451 2808 3135 3756 4226 4572 5370 5797 6140 6411 6978 7863 8957 9827 
19 276 455 767 1506 2011 2373 2711 3075 3476 3787 3954 4331 4476 5616 6177 6696 7776 8404 9390 
20 277 672 969 1338 1672 2001 2332 2778 3078 3309 3670 3883 4360 4480 4956 5420 6040 6543 7518 8907 
22 278 625 846 1116 1385 1800 2131 2584 2918 3423 3648 3898 4291 4613 4853 5278 5501 6070 6926 7233 8463 9938 
14 279 427 958 1275 1512 1904 2163 2497 2676 3015 3485 3771 4301 6518 
21 280 488 949 1258 1767 1804 2070 2392 2825 3260 3453 4042 4430 4812 5504 5931 6481 7192 7888 8738 9854 
8 281 599 968 1162 1492 1855 4446 9214 
15 282 520 598 896 1022 2312 3738 4173 4523 5543 6270 6660 7303 8095 9259 
18 283 535 1025 1352 1633 2055 2588 2842 3045 3259 3722 4224 4820 5252 5800 6294 7337 8762 
12 284 696 1284 2654 4047 4231 4845 5342 6015 7354 7771 9794 
24 285 649 944 1371 1697 1994 2244 2540 2884 2980 3052 3251 3460 3596 3776 4322 4764 5079 5346 5993 6787 7538 8322 9775 
21 286 448 937 1077 1478 2250 2537 2820 3224 3550 4044 4124 4394 4681 4997 5315 5785 6489 7386 8282 8863 
20 287 811 1086 1484 1717 1986 2434 2595 2829 2873 3104 3768 4238 4521 4844 5735 6227 6770 7410 8528 
17 288 474 1082 1346 1773 2157 2574 2763 3282 3702 4121 4795 5258 5846 6371 7496 9024 
19 289 444 1170 1499 1710 1945 2145 2665 2879 3234 3535 3967 4192 4592 5343 6075 6795 8405 9281 
21 290 541 758 1043 1272 1459 2252 2507 2894 3343 3750 4375 4694 4903 5187 5311 5759 6350 6981 7946 8900 
23 291 709 906 1048 1264 1562 2237 3047 3306 3532 3744 3927 4323 4658 5167 5571 6317 6774 7228 8185 8789 9217 9782 
16 292 480 645 972 1319 2682 4334 4570 5142 5419 5761 6191 6959 7375 8859 9770 
22 293 581 1237 1548 1782 2012 2263 2611 2925 3387 3684 3879 4073 4526 4851 5155 5667 6395 6693 7204 7930 9056 
19 294 500 795 1054 1471 1748 1954 2374 2634 2843 3180 3710 3835 4287 4482 4994 5364 5742 8131 
12 295 493 1100 1447 1643 1989 2107 2582 3207 5454 8714 9558 
17 296 451 975 1113 1703 2208 2474 2832 3099 3425 3615 4033 4395 4784 4979 5254 7390 
15 297 813 1315 1716 2144 2516 3020 3393 3848 4405 5206 5814 6258 6621 7432 
12 298 631 1259 1545 2976 4577 4991 5531 6790 7544 8648 9674 
22 299 628 1228 1729 1951 2226 2446 2655 2844 3146 3479 3613 3923 4092 4550 4926 5384 6166 6559 7918 8897 9399 
12 300 439 814 1131 1828 2135 2303 2649 3220 3811 4339 5071 
10 301 1061 2569 3888 4251 4504 4908 5127 5718 6143 
17 302 574 1015 1646 2264 2559 2771 3029 3320 3774 4858 5385 5912 6500 6950 7485 8275 
19 303 744 1213 1752 2082 2534 3089 3218 3431 3960 4343 4606 5084 5806 6183 6568 7419 8210 9956 
20 304 566 999 1353 1586 2279 2666 2911 3307 3574 3856 4297 4600 5209 5608 6281 7660 7980 9014 9796 
12 305 925 1185 1457 1788 2214 2792 3230 4946 7489 8069 8866 
7 306 2715 5325 6417 7343 8487 9438 
16 307 613 1301 1746 2139 2440 2904 3242 3635 4449 5003 5530 6134 6626 7697 8611 
19 308 506 839 1260 1721 2347 2590 2903 3250 3678 3940 4688 5027 5316 6136 6837 7391 8594 9058 
17 309 450 890 1142 1461 1648 1999 2256 2493 2670 3021 3380 3773 4271 4436 4949 7481 
15 310 1674 2999 3286 3568 3755 4391 4753 5397 5781 6226 7175 8163 8613 9525 
15 311 2002 3301 3559 4217 4358 5028 5353 5664 6436 7022 7313 7719 8861 9577 
15 312 716 880 1268 1719 1886 2087 2378 2806 3367 4768 7221 7869 8409 9371 
21 313 929 1243 1634 2052 2419 2723 3018 3405 3673 3859 4216 4442 4954 5183 5389 5594 5825 7059 7973 9389 
15 314 717 1111 1579 2080 2496 2870 3265 4072 4456 4810 5587 6276 7257 7767 
21 315 521 901 1212 1427 2089 2816 3127 3448 3766 4187 4490 4801 5039 5337 5522 5788 6306 7377 8066 8887 
22 316 445 982 1392 1759 2262 2535 2800 3170 3342 3611 4215 4555 4690 5077 5328 5519 5863 6212 6964 8141 9032 
13 317 765 967 1496 1692 2003 2387 2698 3159 3528 3861 5653 9931 
11 318 870 1543 1970 2433 2893 3482 3959 4515 4750 5059 
20 319 663 805 1133 1304 1650 1885 2067 2192 2563 2680 3145 3964 4748 5259 5577 6051 6872 7242 8700 
18 320 723 1547 1795 2231 2522 2869 3372 3715 4067 4373 5015 5412 6344 7166 7714 8375 9339 
8 321 526 904 1251 1565 2053 4567 8802 
11 322 710 1144 1725 2161 2467 2802 2939 5055 9472 9990 
16 323 908 1873 2450 2765 3361 3798 3981 4367 4988 5355 5758 6516 7307 8046 8893 
9 324 771 1221 1596 1776 2365 2853 3165 3560 
13 325 494 1042 1677 1889 2246 2709 4102 5883 6958 7892 9007 9545 
16 326 589 1300 1651 2193 2651 3120 3415 3519 3887 4797 5066 5556 6405 7460 8923 
19 327 775 1017 1150 1458 1723 2018 2422 2629 2995 3412 3731 4137 4470 5290 5723 6005 7042 8838 
17 328 668 1036 1340 1571 1854 2200 2732 3002 3130 3350 3630 4135 4814 5204 5469 6018 
22 329 633 1266 1551 1929 2064 2401 2775 2978 3500 3785 4116 4527 4960 5274 5395 5596 6087 6899 7826 8580 9616 
22 330 647 1012 1299 1704 2078 2457 2950 3095 3270 3421 3548 4180 4468 4968 5612 6050 6278 6731 7752 8369 8966 
18 331 496 731 1018 2209 3373 3483 3622 3740 4181 5266 5703 6240 6628 7349 7905 8454 9384 
11 332 762 1420 1706 2664 3177 3475 4008 4188 4420 6490 
19 333 532 1132 1568 2004 2561 3196 3340 3584 3956 4147 4603 5312 5671 6271 6606 7297 8053 8934 
12 334 692 895 1306 1626 3285 5144 5487 5833 6697 7624 8663 
19 335 509 800 1241 1534 1949 2645 2984 3652 3947 4340 5105 5685 5987 6637 6992 7396 8100 8959 
8 336 737 1056 1535 1863 2197 2736 7568 
9 337 686 1066 1236 1589 1817 4341 8260 9398 
21 338 615 946 1685 2133 2603 2875 3144 3303 3600 3877 4445 4874 5109 5544 5855 6439 7123 7530 8636 9831 
13 339 832 1059 1493 1871 2187 2397 2636 2891 3175 3337 3935 4471 
11 340 768 1755 2617 2796 3148 3298 3882 4326 4868 7058 
16 341 597 791 1156 1473 2057 2339 2658 2755 3011 3505 3705 4911 6348 7748 8777 
18 342 538 1044 1430 1861 2566 3014 3551 3915 4197 4755 5081 5570 6510 7165 8087 9308 9878 
17 343 434 750 1194 2217 3109 3487 3917 4497 4663 4936 5470 6627 7566 8043 8677 9569 
17 344 694 1157 1520 1957 2321 2710 3345 3880 4209 4711 4995 5401 5851 6717 7652 8139 
22 345 414 794 1129 1726 2024 2284 2801 2968 3258 3428 3788 4350 4589 5005 5421 5729 5953 6702 7089 8057 9312 
18 346 789 1297 2142 2699 2837 3070 3215 3661 3902 4144 4718 5061 5320 5921 6274 7426 8683 
14 347 432 1060 1439 1870 2275 2646 2927 3122 3518 3827 5737 8920 9560 
11 348 669 1103 1410 1709 2245 2479 2652 3079 3341 5318 
14 349 524 1064 1482 1754 2068 2333 2605 2838 3088 4754 7168 8107 9253 
14 350 1126 1483 1711 1908 2277 2613 2945 3118 3562 3824 5521 8515 9317 
8 351 860 1244 1578 1880 4374 8847 9915 
9 352 802 978 3264 6094 6539 7290 8638 9123 
20 353 697 1074 1653 1851 2028 2152 2529 3043 3378 3529 3809 4840 5592 5916 6369 6906 7181 8230 9898 
16 354 831 1472 1924 2100 2455 2717 3637 4573 5196 5604 6557 7400 7731 8540 9849 
21 355 425 926 1323 1982 2350 2776 3074 3429 3881 4277 4460 4740 5111 5314 5963 6310 6828 6954 7853 8452 
22 356 840 974 1230 1467 1621 1793 2017 2362 2672 2895 3114 3461 3825 4103 4344 4614 5261 5683 6334 7127 8443 
11 357 412 961 1159 3422 6144 6869 7447 7583 8385 9296 
14 358 610 1023 2410 3889 4415 5094 5651 6055 6589 7269 7720 8623 9865 
23 359 407 575 891 1225 1846 2036 2407 2696 3066 3534 4089 4503 4817 5217 5607 5773 6509 7596 8301 8781 9196 9891 
14 360 642 1013 1322 1832 2035 2265 3565 5100 5524 5917 6611 7591 8870 
13 361 749 1032 1208 2722 4284 4691 5131 5399 5589 6440 7218 8218 
18 362 1110 1434 1616 1925 2372 2550 2966 3433 3974 4462 4707 5026 5273 5429 5914 7597 9608 
18 363 691 1130 1359 1823 2147 2619 3087 3503 4082 4564 5191 5526 5817 6093 6891 7742 9467 
9 364 1996 3818 4015 4479 5338 5876 6470 7522 
23 365 572 1007 1584 1824 2060 2370 2901 3126 3336 3576 3896 4126 4535 4799 5319 5804 6288 6595 7302 7906 8850 9766 
22 366 430 874 1357 1536 1917 2343 3038 3346 3538 3682 4218 4699 4951 5150 5415 5774 6007 6651 7084 7459 8501 
10 367 963 1293 1450 1718 1868 2091 2456 2758 5108 
14 368 1909 3446 3604 3780 3997 4123 4632 5117 5485 6302 7121 8345 9818 
23 369 650 1123 1429 1774 1932 2267 2393 2701 3041 3525 3851 4046 4290 4568 4901 5438 5670 6052 6449 7215 7981 8251 
18 370 431 702 1216 1808 2621 2908 3190 3496 3919 4386 4906 5223 6103 6666 7268 8286 9404 
19 371 639 1014 1425 1554 2050 2514 3108 3351 3753 4106 4388 4824 5383 5895 6796 7240 8098 8808 
21 372 542 985 1599 2126 2369 2596 2862 3140 3324 3828 4286 4701 5140 5798 6092 6535 7138 7833 9005 9940 
19 373 605 1256 1628 1968 2154 2564 2970 3359 3754 3998 4305 4660 4977 5625 6501 7317 8269 8625 
22 374 515 983 1280 1698 1829 2097 2558 2769 3382 3665 3930 4128 4760 4976 5349 5974 6194 6683 7388 8377 9211 
16 375 865 1350 1627 1950 2129 2483 2896 3594 4007 4458 4559 5494 6259 7332 8619 
13 376 504 920 1233 1517 1758 2102 2346 4332 6860 7431 8196 9220 
13 377 745 1155 1523 1783 2065 2367 2688 2881 3437 3651 3936 6311 
20 378 536 823 1055 1393 1625 1983 2505 2679 2907 3406 3763 4083 4278 4627 4856 5168 6214 7713 9668 
20 379 959 1564 1892 2075 2500 2948 3194 3569 3834 4019 4466 4741 5164 5661 6524 7024 7615 8860 9977 
21 380 423 656 1041 1448 1791 2037 2627 2885 3097 3319 3510 3906 4195 4439 5468 5673 6071 6441 7983 8718 
18 381 756 1223 1528 1668 1923 2308 2933 3819 4295 4543 4811 5599 6100 6521 8267 8569 9304 
12 382 849 1561 2061 2376 3049 3273 3593 3913 4240 4838 6934 
20 383 468 770 1166 1465 1802 2110 2647 3001 3396 4043 4571 5177 5414 5865 6354 7258 8180 8910 9661 
18 384 1235 1939 2444 2772 3183 3480 3844 4296 4553 4728 5159 5966 6106 6673 7348 8321 9067 
23 385 487 935 1366 1629 1974 2328 2521 2612 2969 3302 3582 3720 4101 4406 4857 5467 5980 6569 7184 7814 8429 9431 
21 386 479 674 918 1281 1734 2259 2478 2840 3248 3575 3884 4157 4591 5088 5515 6096 6676 7670 8535 9387 
10 387 722 1374 1607 1849 2315 2787 3280 3772 4027 
11 388 1114 2691 4213 4441 4834 5283 5619 5986 6614 8006 
18 389 1096 1679 2123 2578 3058 3221 3764 4064 4176 4579 5032 5560 5926 6408 7216 7427 8433 
21 390 453 683 919 1341 1712 2141 2511 2790 3179 3784 4057 4299 4822 5221 5731 6056 6827 7950 8276 9719 
16 391 527 713 1020 1594 2006 2248 2508 2568 2757 3053 3332 3704 4095 4483 6817 
20 392 607 1128 1581 1896 2074 2642 3151 3462 3689 4199 4962 5323 5665 6289 7096 8005 8206 9443 9932 
11 393 630 1084 1455 1555 3488 5505 6460 7405 8169 9391 
23 394 416 826 1229 1647 1942 2375 2547 2859 3065 3364 3497 3806 4250 4650 5007 5248 5776 6400 6788 7537 8199 9999 
24 395 561 1003 1261 1435 1770 2156 2405 2794 3106 3435 3627 3985 4263 4491 4852 5310 5564 5859 6318 7170 8122 8997 9532 
21 396 402 571 1034 1525 2168 2424 2555 2798 3039 3232 3826 4096 4451 4827 5228 5538 5819 6830 8295 9942 
14 397 443 878 1197 1381 3026 4492 5434 5660 6486 6919 7603 8114 9591 
15 398 519 725 942 1246 2616 4023 4396 4978 5363 5820 6315 6979 7800 9146 
20 399 477 928 1377 1784 1898 2116 2452 2551 2955 3171 3612 3911 4587 4786 5126 5770 6323 7235 8658 
18 400 859 1189 1542 2008 2441 2697 3178 3862 4084 4565 5292 5609 5978 6533 6936 8008 9193 
19 401 679 1250 1538 2034 2421 2599 3036 3577 3762 4133 4549 5019 5327 6027 6373 7052 8090 9119 
