25 0 514 1082 1377 1810 2168 2534 2880 3035 3325 3804 3899 4321 4557 4743 5079 5730 6128 6525 7209 7503 8071 8629 9170 9950 
24 1 365 551 1070 1438 1748 2071 2458 2714 3088 3604 3924 4421 4845 5340 5788 6328 6615 7260 7900 8362 8633 9476 9608 
24 2 784 1028 1385 1712 2118 2469 2953 3625 4047 4328 4558 5137 5473 5652 6195 6581 6803 7100 7748 8231 8716 8947 9767 
28 3 371 550 952 1124 1354 1763 2189 2434 2957 3264 3658 4031 4498 4649 4882 5647 5828 6397 6828 7167 7656 8290 8554 9056 9469 9655 9926 
23 4 409 839 1274 1619 1946 2345 2591 2891 3687 4183 4538 5061 5432 5734 6110 6606 7316 7846 8062 8784 9276 9788 
28 5 727 853 1299 1520 1929 2124 2364 2651 2837 3141 3435 3696 4340 4789 4975 5518 5950 6548 6802 7290 7644 7958 8279 8641 9100 9502 9996 
24 6 569 1075 1344 1939 2245 2694 2946 3349 3530 4206 4542 5120 5687 6072 6369 6701 7194 7747 8405 8915 9099 9285 9813 
25 7 394 699 1244 1862 2152 2509 2980 3520 4016 4507 4900 5024 5182 5509 5693 5809 5972 6560 7098 7558 7939 8390 8845 9871 
21 8 683 1033 1370 1698 2241 2519 2847 3458 3970 4625 4942 5356 5933 6267 6993 7275 7586 8030 9046 9620 
21 9 731 907 1327 1814 2141 2725 3027 3287 3853 4814 5463 5880 6457 6934 7357 8051 8224 8688 9087 9466 
26 10 521 974 1483 1684 2060 2328 2656 3140 3478 3780 3932 4132 4402 4901 5282 5957 6532 6945 7354 7797 8274 8684 9260 9518 9908 
24 11 506 800 1193 1631 2027 2497 3109 3557 3845 4262 4531 5141 5499 6027 6429 6764 7170 7422 7993 8373 8960 9293 9642 
24 12 545 816 1131 1425 1760 2046 2455 2972 3369 3855 4287 4709 5166 5436 6039 6715 7039 7247 7907 8260 8728 9478 9701 
24 13 435 675 957 1188 1697 2188 2442 2917 3319 3678 4110 4530 4899 5152 5451 5816 6662 7246 7853 8338 8846 9261 9840 
24 14 380 869 1123 1608 1963 2337 3107 3472 3893 4324 4525 4829 5081 5404 5906 6316 6867 7268 8042 8661 9174 9420 9706 
24 15 426 922 1164 1613 2273 2900 3269 3589 3757 4025 4389 4835 5126 5344 5766 5987 6798 7284 7860 8393 8862 9210 9805 
22 16 798 1062 1454 2021 2696 3129 3548 3985 4124 4420 4680 4954 5593 5923 6160 6762 7296 7570 8043 8604 9161 
23 17 858 1013 1197 1557 1795 2055 2585 2813 3180 3690 3891 4635 5013 5676 6220 6800 7355 7912 8487 9007 9641 9965 
21 18 634 1009 1453 1988 2036 2647 3005 3436 4252 4827 5215 5707 6129 6530 7043 7512 7780 8263 8795 9250 
24 19 562 769 946 1227 1522 1964 2260 2868 3429 4018 4367 4599 5012 5311 5619 6059 6676 7346 7874 8157 8632 9064 9969 
21 20 754 1019 1797 2355 2961 3270 3473 3662 4305 4940 5702 6012 6477 6974 7792 8228 8606 9010 9279 9865 
24 21 541 1063 1384 1765 1975 2359 2791 3295 3758 4342 4883 5352 5638 5867 6420 6941 7190 7685 7981 8507 8926 9649 9958 
23 22 515 709 897 1129 1563 2120 2621 2893 3556 4036 4315 4694 5478 5960 6404 6832 7336 7859 7970 8482 9132 9693 
26 23 389 761 1233 1599 1819 2066 2399 2533 2845 3142 3729 3861 4428 4836 5066 5438 5849 6586 6915 7471 7927 8208 8614 9390 9857 
25 24 381 1020 1451 1569 1706 2148 2662 3133 3529 3673 4142 4782 5626 5922 6111 6398 6612 7288 7684 8089 8648 8994 9271 9626 
22 25 753 1101 1463 1838 2233 2487 2883 3612 4039 4379 4490 5145 5627 6148 6510 7447 7807 8165 8395 8887 9709 
22 26 448 655 954 1597 1761 2170 2875 3185 3459 3738 4270 4865 5411 5885 6210 6881 7419 7850 8313 8942 9799 
26 27 414 684 1097 1361 1710 1940 2395 2952 3390 3759 3981 4417 4756 5491 5862 6310 6847 7118 7520 7953 8216 8713 8974 9604 9972 
20 28 526 885 1183 1611 2024 2280 2965 3597 3965 4336 4780 5624 6025 6364 6723 7360 7938 8626 9517 
24 29 423 750 1267 1548 1812 2204 2594 3098 3374 3703 4011 4333 4810 5390 5975 6419 6873 7339 7887 8363 9089 9345 9680 
22 30 390 689 1238 1645 2114 2237 2410 2949 3525 4075 4565 5067 5341 5548 6045 6646 7314 7830 8628 9047 9614 
24 31 489 707 944 1234 1724 2412 2726 2958 3280 3462 3874 4391 4806 5610 6146 6797 7104 7686 8034 8510 8794 9427 9739 
21 32 574 963 1470 1892 2477 2963 3178 3671 4345 4792 5039 5452 6060 6201 6661 7143 7654 8055 8449 9102 
21 33 643 1162 1804 2025 2495 2881 3244 3655 4244 4673 4884 5360 6098 6454 6906 7594 8158 8670 9178 9666 
24 34 646 827 1180 1551 2057 2270 2592 2856 3294 3798 4093 4222 4790 5246 5560 6052 6567 7008 7533 8264 9065 9290 9605 
24 35 668 1007 1445 1842 2028 2448 2838 3354 3884 4265 4552 4864 5274 5498 5719 6159 7099 7513 8064 8344 8689 9231 9834 
22 36 723 1055 1397 1891 2133 2576 3069 3399 4079 4703 5052 5660 6209 6467 7081 7612 8056 8350 9041 9319 9730 
23 37 393 923 1306 1787 2267 2527 2994 3420 3959 4457 4926 5337 5930 6279 6726 7019 7585 8194 8436 8998 9410 9698 
27 38 395 802 1014 1368 1685 1931 2312 2840 3306 3524 3744 4033 4440 4928 5103 5375 5736 6121 6476 6850 7010 7495 8326 8704 9449 9987 
22 39 359 701 1394 1741 2069 2468 2825 3110 3638 3836 4181 4500 4976 5712 6213 6772 7438 8035 8557 9113 9588 
23 40 627 978 1300 1732 2094 2310 2581 2895 3455 3862 4364 4596 5248 5546 5789 6235 6886 7270 7491 8008 8470 9035 
25 41 651 997 1335 1618 1889 2029 2325 2774 3446 3617 3974 4232 4536 5063 5419 5911 6512 6914 7266 7740 8244 8412 9015 9726 
23 42 862 1236 1707 2019 2416 2968 3318 3789 4043 4394 4606 5099 5631 6412 6988 7281 7738 8037 8630 8988 9233 9929 
25 43 734 981 1117 1440 1630 1958 2236 2608 2812 3281 3677 3895 4215 4963 5351 5823 6263 6633 7040 7363 7893 8032 8871 9715 
23 44 568 1058 1657 1915 2225 2610 2944 3513 4046 4620 5017 5396 5752 5974 6438 6991 7580 7977 8242 8396 8622 9379 
23 45 355 729 1277 1733 1996 2668 3243 3616 3918 4150 4549 4920 5378 5722 6192 6639 7169 7568 8514 9086 9607 9895 
23 46 712 941 1481 1969 2256 2483 2818 3101 3365 3800 4384 4749 5071 5615 5869 6484 7146 7763 8196 8955 9432 9800 
21 47 832 1529 2083 2384 2866 3143 3474 3732 4080 4614 5025 5218 5623 6055 6842 7128 7789 8360 8876 9602 
25 48 401 726 1151 1525 2125 2385 2548 2669 3044 3317 3699 4038 4405 4932 5575 6015 6372 6637 7140 7882 8570 8814 9281 9728 
21 49 664 1064 1355 1447 1907 2195 2724 2954 3275 3806 4410 5093 5735 6194 6665 6912 7741 8498 9013 9653 
24 50 386 649 1089 1418 1643 2040 2627 3112 3375 3859 4098 4586 4844 5389 5848 6413 6821 7212 7617 8145 8370 8859 9660 
26 51 444 632 1060 1269 1667 1856 2177 2542 2975 3489 3839 4350 4879 5319 5706 5928 6501 6809 7300 7812 8005 8335 9009 9784 9946 
22 52 809 1149 1595 2048 2445 2906 3030 3379 3570 4029 4688 5085 5558 6132 6609 6954 7537 8213 8408 8757 9749 
24 53 783 1080 1265 1659 1973 2147 2640 2766 3274 3432 3563 3909 4624 5055 5348 5605 6142 6745 7328 7772 8095 8973 9802 
29 54 441 779 1088 1409 1670 1725 1984 2119 2392 2567 2985 3285 3407 3977 4343 5000 5409 5677 5981 6276 6692 6984 7215 7786 8167 8707 9513 9998 
23 55 575 845 1216 2132 2577 2781 3199 3559 3926 4358 4692 4903 5180 5847 6131 6641 7125 7697 8087 8639 9068 9821 
24 56 669 1221 1726 2049 2349 2762 3100 3251 3444 3797 4307 4890 5200 5651 6202 6672 7027 7425 8210 8401 8542 9158 9609 
24 57 842 899 1342 1879 2032 2356 2617 2936 3305 3645 4316 4578 4924 5644 6274 6608 7119 7474 7734 8428 8945 9431 9723 
23 58 530 805 1190 1449 1835 2250 2587 3001 3229 3746 4192 4563 4979 5330 6011 6479 6998 7660 8010 8353 8892 9333 
25 59 563 1094 1415 2023 2372 2860 3191 3545 3962 4344 4627 4918 5198 5852 6101 6480 6728 7071 7392 7501 7779 8336 9004 9672 
26 60 525 774 1106 1396 1937 2056 2239 2688 2814 3131 3394 3868 4438 5168 5332 5768 6137 6621 6774 7457 7905 8548 9040 9400 9700 
21 61 375 653 1160 1775 2180 2501 2598 3118 3515 3887 4330 4602 5453 6081 6652 7391 7940 8473 9144 9558 
23 62 621 925 1113 1395 2003 2536 2743 3372 3760 4070 4445 4690 5201 6170 6854 7217 7631 8161 8491 9122 9616 9770 
25 63 453 788 1122 1443 1664 1919 2433 2633 2728 3020 3347 3996 4234 4613 5114 5649 6006 6626 7269 7628 8061 8636 9062 9570 
25 64 667 1024 1195 1476 1700 2103 2492 2865 3168 3355 3743 4187 4464 4774 5447 5841 6067 6356 6747 7248 7509 7813 8218 8982 
23 65 374 659 982 1351 1713 2001 2224 2402 2612 2862 3330 3753 4355 5110 5596 6066 6965 7493 7799 8258 8857 9225 
20 66 797 1510 1871 2070 2488 3002 3747 4147 4741 5125 5469 5874 6353 6924 7523 8077 8580 9070 9796 
24 67 647 995 1091 1282 1615 1825 2218 2467 3049 3378 4048 4291 4461 4859 5716 5820 6349 6826 7479 7994 8655 9195 9631 
28 68 685 1044 1303 1602 2014 2415 2733 3215 3629 3956 4268 4532 4744 4868 5239 5717 6024 6511 6840 7166 7280 7754 8065 8550 8840 9567 9869 
24 69 536 650 1132 1324 1668 1934 2315 2682 3200 3686 4299 4562 4959 5523 5723 5905 6462 6735 7114 7630 8084 8761 9505 
25 70 528 1045 1530 1777 2033 2570 2797 3138 3400 4005 4431 4919 5286 5554 6164 6495 6752 7172 7788 8419 8732 8963 9364 9774 
27 71 590 939 1177 1496 1757 2007 2242 2599 3184 3683 3748 3923 4256 4707 4993 5119 5373 5682 5907 6253 6596 6908 7417 8265 8918 9551 
28 72 540 815 1006 1373 1883 2068 2386 2540 2912 3333 3619 3809 4054 4289 4788 5468 6089 6264 6605 6951 7398 8002 8291 8587 8767 9196 9509 
22 73 378 677 781 1143 1506 1686 2300 3097 3672 4201 4863 5121 5480 5803 6422 6564 7001 7815 8325 8573 9205 
24 74 673 1050 1412 1886 2274 2569 2782 3081 3512 4153 4594 5320 5708 6029 6282 6500 6799 7074 7393 8182 8700 8956 9323 
23 75 611 1098 1714 2441 2678 2877 3152 3824 4204 4548 4798 5316 5617 5936 6535 7122 7608 8013 8461 8680 9249 9530 
21 76 472 796 1204 1482 1742 2087 2560 3120 3882 4595 5065 5331 5810 6182 6651 7129 7844 8243 9153 9563 
21 77 516 1337 1773 2089 2484 3232 3651 4173 4843 5204 5446 5811 6115 6400 7021 7486 8221 8685 9264 9677 
19 78 616 1087 1461 1665 2160 2923 3252 3705 4133 4713 5428 6215 6916 7618 7973 8379 8929 9544 
24 79 593 900 1078 1640 2231 2370 2905 3366 3607 4100 4323 4880 5172 5584 5878 6576 6896 7012 7388 7936 8529 9088 9731 
26 80 501 661 1032 1903 2319 2525 2804 3037 3337 3866 4224 4478 4856 4921 5343 5748 6058 6486 6839 7092 7454 7869 8596 9516 9959 
23 81 688 1030 1511 1822 2530 2950 3212 3522 3763 3949 4366 4961 5363 6086 6473 6892 7305 7785 7966 8212 8818 9386 
23 82 483 863 1405 1676 2012 2516 3186 3642 3889 4425 4729 4938 5250 5787 6527 6907 7455 8200 8334 8702 9325 9920 
23 83 710 1231 1766 1977 2470 2843 3246 3820 4211 4471 4800 5236 5568 6259 6732 7025 7294 7647 8086 8637 8882 9573 
23 84 588 1146 1365 1832 2063 2308 2538 3177 3584 3842 4354 4592 4906 5244 5807 6446 6952 7470 8015 8499 8810 9309 
26 85 706 989 1426 1752 2105 2505 3029 3770 3978 4179 4615 4837 5280 5992 6205 6385 6602 6856 7356 7640 7934 8451 8866 9376 9860 
26 86 364 743 1219 1553 1744 2011 2568 2707 2915 3291 3843 4165 4432 4867 5256 5641 6208 6572 6883 6938 7341 7847 8340 9025 9512 
22 87 735 911 1255 1498 1651 2062 2500 2689 3127 3778 4218 4693 5060 5464 5767 6099 6293 6727 7717 8330 9188 
19 88 464 1181 1737 2201 2510 2783 3146 3724 4225 4486 4934 5701 6277 6955 7478 8139 8749 9637 
25 89 547 1047 1514 1815 2179 2556 3033 3213 3467 3927 4310 4656 5188 5362 5620 5953 6545 7126 7332 7664 8001 8359 8788 9597 
28 90 439 936 1349 1528 1653 1887 2595 2986 3193 3490 3852 4274 4637 4869 4915 5162 5514 5890 6057 6518 6972 7490 8105 8348 8819 9355 9808 
27 91 481 808 1173 1404 1629 2127 2529 2966 3398 3791 4209 4534 4828 5403 5920 6301 6737 6963 7252 7711 8091 8605 9002 9254 9617 9968 
26 92 580 828 988 1217 1716 2102 2649 3051 3307 3708 4148 4475 4815 5323 5611 6061 6241 6350 6739 7233 7428 7776 8556 8883 9576 
24 93 366 460 908 1116 1417 1758 2266 2450 2967 3388 3646 4155 4559 4738 5253 5692 6523 6814 7460 7888 8719 9247 9679 
22 94 368 495 860 1284 1435 1924 2309 3172 3541 4061 4264 5028 5573 6226 6436 7055 7757 8249 8722 9424 9793 
25 95 440 814 1330 1927 2264 2589 3093 3289 3465 3695 4139 4382 4630 5154 5312 5580 5976 6346 6838 7134 7627 8137 8643 9479 
22 96 846 1139 1513 1857 2214 2609 2904 3377 3711 4135 4346 4705 4874 5296 6043 6827 7145 7517 8007 9093 9526 
24 97 752 1257 1674 2258 2571 2848 3237 3734 4228 4460 4550 4969 5346 5991 6326 6631 7061 7641 8191 8753 9199 9634 9945 
25 98 427 823 1168 1287 1624 2346 2730 2903 3395 3857 4185 4631 5064 5550 5805 6199 6777 7197 7405 7801 8272 8619 9204 9638 
25 99 400 629 1008 1191 1399 1600 2039 2579 3114 3346 3851 4459 4772 5139 5884 6238 6750 7370 7645 7951 8351 8734 9051 9882 
25 100 548 994 1174 1455 1614 2149 2451 2695 3031 3301 3641 4131 4386 4736 5007 5542 6050 6680 7032 7806 8354 8443 9135 9838 
23 101 558 804 969 1328 1740 2175 2341 2565 3050 3605 3813 4149 4678 5327 5979 6387 7050 7692 8508 8742 9060 9471 
26 102 635 879 1209 1582 1786 2106 2770 3218 3331 3725 3823 4022 4516 5278 5718 6013 6108 6704 6979 7587 7892 8516 8886 9353 9837 
21 103 504 1108 1343 1642 1875 2413 3148 3613 4208 4686 5144 5329 5887 6019 6594 7250 7819 8352 9239 9830 
23 104 579 1021 1420 1734 2009 2348 2654 2780 3483 3601 3964 4347 4652 5259 5778 6409 7082 7373 8040 8577 9365 9906 
26 105 352 476 926 1214 1590 1840 2208 2460 2757 3220 3571 3910 4541 5020 5189 5481 5864 6380 6895 7178 7736 8173 8762 9193 9866 
26 106 691 918 1192 1518 1770 2157 2436 2738 2929 3234 3822 4313 4787 5146 5399 6037 6598 7141 7546 7820 8525 9005 9256 9402 9844 
22 107 429 927 1278 1547 1945 2537 2969 3162 3335 3764 4096 4487 5288 5697 6112 6708 7492 8096 8843 9306 9650 
23 108 411 924 1423 1539 1749 2212 2910 3356 3624 4129 4413 4685 4885 5358 5714 6254 6880 7551 7906 8269 9098 9465 
21 109 468 906 1289 1768 2143 2642 3099 3637 4213 4488 4783 5174 5486 5918 6540 6833 7527 7836 8534 9346 
22 110 705 977 1220 1471 1782 2205 2574 2841 3555 3907 4361 4657 5171 6094 6528 7066 7506 8122 9028 9553 9919 
23 111 772 1126 1568 1719 2017 2623 3313 3742 4253 4955 5401 5671 6149 6541 7035 7352 7710 7991 8332 8847 9266 9819 
20 112 745 1071 1607 1718 2382 3090 3668 4269 4848 5276 5994 6434 6587 6823 7385 7904 8433 8877 9687 
20 113 422 905 1491 1809 2211 2619 3059 3837 4553 4902 5517 5899 6335 6846 7369 7701 8621 8931 9327 
23 114 614 1022 1120 1527 1881 2304 2657 3111 3245 3828 4278 4554 4923 5232 5842 6271 6736 7123 7620 8466 8899 9593 
28 115 450 834 1286 1556 1818 2196 2406 2638 2836 3134 3550 3701 4120 4521 4679 4970 5427 5758 6224 6749 7238 7452 7964 8562 9036 9403 9916 
23 116 388 930 1446 1696 2135 2659 2798 3038 3499 3762 4226 4841 5302 5603 6367 6818 7133 7476 8104 8721 9048 9374 
21 117 786 1029 1329 1679 2018 2634 3283 3890 4427 4626 4964 5295 5769 6076 6555 7461 7913 8367 8690 9218 
23 118 392 790 1138 1494 1974 2326 2655 2933 3579 4146 4675 5287 5477 6308 6773 7289 7614 8045 8539 8867 9124 9519 
27 119 597 1010 1270 1543 1884 2307 2407 2718 3150 3433 3794 4314 4539 4785 5229 5430 5639 5995 6469 7033 7262 7649 8197 8611 9016 9931 
25 120 356 919 1285 1731 2117 2305 2479 2892 3103 3454 3606 3960 4422 4607 4971 5417 5806 6306 6804 7164 7563 8490 9045 9535 
25 121 594 979 1573 1798 2030 2247 2564 3066 3595 3865 4084 4453 5033 5221 6158 6352 6760 7549 7965 8484 8808 8838 9252 9941 
22 122 428 956 1208 1388 1673 1905 2322 2535 2756 3293 3615 4090 4695 5587 6286 6697 7254 7366 8180 9026 9818 
22 123 780 1387 1844 2153 2857 3327 3675 4294 4556 4931 5565 6064 6189 6544 7023 7622 7784 8102 8695 9021 9468 
24 124 488 965 1275 1650 1938 2219 2573 2753 2884 3276 3900 4474 5004 5599 5753 6185 6577 7085 7236 7767 8230 8860 9511 
24 125 478 728 865 1121 1537 1723 2115 2630 2911 3272 3933 4609 4881 5489 5790 6048 6679 7484 7808 7955 8319 9020 9444 
26 126 493 1040 1367 1616 1876 1990 2129 2553 2971 3326 3801 4197 4462 4761 5169 5614 5818 6054 6601 7137 7683 8288 9001 9523 9938 
22 127 443 806 948 1414 1575 2004 2566 2834 3242 3835 4450 4847 5050 5488 6002 6338 7200 7921 8475 8888 9539 
25 128 442 1048 1559 1899 2481 2788 2924 3221 3564 4015 4317 4512 4851 5150 5559 6143 6579 6689 7234 8070 8295 9074 9334 9600 
23 129 607 1076 1254 1578 1906 2174 2879 3163 3414 3858 4284 4664 4956 5569 5916 6491 6903 7726 8301 8535 9126 9639 
24 130 391 702 859 1218 1410 1660 1910 2403 2973 3380 3751 4073 4719 4892 5267 5407 5630 5795 6204 6519 6957 7854 8809 
27 131 535 904 1114 1475 1976 2145 2456 2661 3018 3438 3664 3969 4186 4430 4748 5443 5700 5963 6285 6815 7477 7856 8229 8736 9118 9964 
24 132 473 1175 1589 2275 2606 2779 2896 3196 3777 4118 4786 5108 5543 5931 6426 6807 7206 7700 8088 8343 8552 8940 9611 
25 133 666 983 1353 1790 1950 2005 2286 2807 3540 3983 4643 5029 6007 6300 6558 6940 7193 7472 7749 8079 8411 8824 9177 9472 
27 134 469 1157 1372 1796 2084 2457 2514 2886 3315 3847 4184 4655 4784 5074 5395 5621 6000 6536 6939 7195 7550 8119 8448 8967 9497 9928 
24 135 628 1031 1178 1534 1873 2285 2475 2842 3406 3792 4083 4668 5098 5393 5784 6406 6887 7048 7514 7909 8341 9022 9579 
27 136 363 602 987 1317 1658 2065 2512 2703 2999 3334 3905 4251 4617 4985 5449 6133 6585 7162 7429 7658 7923 8631 9110 9344 9496 9775 
25 137 397 708 1276 1416 1805 2220 2504 2850 3408 3799 4055 4446 4872 5148 5445 5643 6109 6574 6849 7009 7935 8760 9030 9623 
23 138 601 848 1211 1636 2121 2431 2799 3214 3518 3879 4335 4700 5096 5690 5951 6384 6721 7150 7823 8135 9228 9707 
22 139 500 915 1051 1576 1962 2226 2558 2959 3292 3667 3976 4297 4992 5490 6084 6386 6682 7064 7709 8369 9347 
28 140 508 833 1283 1688 1980 2336 2674 2934 3360 3712 4125 4511 4755 4950 5043 5504 5743 6087 6309 6562 6909 7593 8020 8268 8601 9277 9555 
21 141 644 1099 1452 1780 2230 2593 3026 3608 4194 4972 5398 5844 6323 6898 7510 8127 8520 8823 9303 9947 
26 142 420 831 1258 1834 2097 2360 2720 3040 3255 3469 3869 4293 4941 5321 5526 5926 6122 6333 6899 7403 8016 8683 8830 9267 9862 
25 143 609 945 1309 1617 1941 2101 2625 2937 3323 3627 3934 4579 5106 5600 5843 6712 7210 7473 7841 8028 8538 8802 9265 9684 
26 144 437 722 1005 1406 1848 2235 2418 2778 3422 3849 4109 4483 4913 5493 5762 6136 6498 6674 6927 7298 7884 8374 8832 9142 9716 
27 145 407 810 1038 1363 1591 2122 2515 2708 2991 3527 3848 4227 4585 5102 5484 5640 6103 6222 6531 6810 7431 7925 8233 8524 8922 9357 
23 146 532 996 1135 1532 1859 2466 2920 3405 3995 4245 4778 5279 5479 6004 6296 6905 7364 8031 8519 8930 9453 9914 
23 147 387 608 1147 1497 1926 2388 2861 2960 3417 3958 4308 4733 5273 5563 6022 6492 7130 7544 8107 8515 8996 9934 
20 148 697 1203 1652 2020 2663 3299 3661 4106 4850 5133 5628 6010 6396 6825 7409 7743 8203 8804 9615 
25 149 560 829 1025 1390 1989 2171 2327 2555 2680 3054 3431 3829 4371 4682 5216 5775 6203 6698 7121 7592 8142 8964 9313 9875 
25 150 592 765 1016 1313 1625 2130 2383 2752 3154 3670 4028 4242 4645 4746 5235 5429 5827 6399 6771 7069 7949 8662 9072 9514 
20 151 855 1247 1888 2338 2618 3013 3376 3728 4237 4646 5084 5685 6317 6835 7292 7804 8894 9529 9948 
22 152 555 1017 1380 1895 2227 2432 2658 3011 3332 3621 4255 4545 4943 5635 6171 6552 7322 8069 8416 9061 9574 
24 153 642 921 1535 1952 2411 2759 3124 3364 3803 4094 4727 5431 5656 5937 6298 6647 6911 7160 7577 7825 8189 9367 9823 
22 154 410 883 1431 1762 2259 2632 3115 3783 4123 4809 5270 5556 5915 6357 6768 7400 7862 8305 8608 9043 9979 
24 155 641 971 1199 1430 1644 1968 2318 2771 3182 3342 3716 4160 4510 5009 5359 5964 6593 6978 7255 7714 8255 8782 9569 
25 156 370 567 947 1739 2251 2507 2705 2983 3340 3578 3936 4356 4853 5159 5512 6033 6448 6853 7325 7824 8174 8660 9292 9922 
22 157 791 1310 1634 1802 2183 2675 2978 3273 3576 4275 4697 5167 5698 6232 6460 7181 7547 7838 8252 8729 9824 
25 158 522 1018 1323 1858 2166 2400 2473 2624 3028 3418 3961 4416 4555 5092 5590 5882 6302 6694 6976 7764 8123 8682 9433 9978 
25 159 662 1027 1598 2453 2940 3188 3634 3767 4144 4522 4939 5161 5450 5814 6095 6559 6831 7159 7578 7932 8238 8712 9066 9572 
24 160 454 778 1054 1290 1779 2199 2676 3015 3300 4103 4302 4704 5158 5418 6020 6675 6920 7353 7765 8164 8459 9162 9924 
23 161 572 838 959 1331 1552 2112 2686 3023 3572 4296 4737 5307 5894 6315 6706 7459 7947 8054 8951 9294 9778 9921 
23 162 687 1374 1526 1753 2281 2637 2867 3224 3707 4254 4702 4998 5317 5757 5982 6314 6863 7036 7368 8140 8901 9962 
27 163 408 713 868 985 1215 2058 2528 3041 3344 3567 3953 4277 4526 4895 5176 5699 5993 6297 6616 7102 7705 8253 8694 9140 9507 9768 
22 164 700 1205 1564 1799 2279 2645 3094 3532 3876 4309 5059 5533 6344 6717 7414 7524 7898 8505 8989 9426 9667 
25 165 518 795 961 1150 1499 1933 2164 2291 2666 2930 3817 4319 4551 4866 5425 5711 5921 6311 6591 7059 7521 8465 9080 9556 
22 166 413 686 1109 1357 2095 2419 2664 3157 3966 4359 4575 4965 5305 5689 6458 6843 7171 7530 8240 8780 9411 
26 167 455 856 1240 1603 1794 2104 2435 2808 3158 3487 3863 4451 4714 5076 5283 5541 6069 6325 6861 7433 8018 8403 8902 9481 9769 
22 168 357 512 1086 1468 1738 2035 2396 2990 3415 3957 4202 4670 5045 5781 6411 6923 7673 8138 8744 9318 9786 
22 169 768 1371 1486 1693 1867 2015 2449 3045 3774 4044 4479 4840 5208 5665 6077 6291 6763 7196 7899 8796 9503 
24 170 404 665 1035 1315 1492 1829 2206 2670 3034 3514 3892 4258 5091 5530 6163 6496 7076 7389 7716 8278 8518 8981 9377 
23 171 564 934 1250 2013 2471 2776 3328 3654 4004 4395 4491 4591 5001 5394 5970 6466 6986 7315 7655 7956 9000 9664 
25 172 398 890 1068 1297 1632 1987 2254 2459 2987 3457 4023 4362 4604 5193 5513 6156 6417 6678 7535 7756 8169 8816 9429 9902 
24 173 736 1501 1692 2042 2276 2731 2899 3443 3769 4369 4887 5165 5313 5733 6047 6303 6786 7223 7803 8195 8610 9125 9493 
21 174 680 949 1477 1917 2760 2852 3296 4008 4304 4730 4838 5306 5755 6008 6644 7072 7732 8311 8900 9681 
27 175 458 785 980 1243 1588 1898 2397 2597 2988 3298 3739 3881 4158 4435 4721 5118 5406 5822 6118 6361 6751 7567 8014 8460 8836 9564 
21 176 538 847 1096 1352 1920 2379 2747 3149 3626 4121 4515 5010 5678 6405 6841 7390 8029 8512 8817 9582 
23 177 552 1049 1558 2186 2387 2643 3136 3416 3821 4325 4849 5116 5851 6179 6589 7139 7750 8533 8997 9414 9794 9977 
24 178 520 771 1291 1488 1878 2366 2853 3116 3304 3697 4087 4684 5217 5391 5726 6036 6503 7003 7465 7809 8429 9187 9859 
24 179 523 801 1041 1230 1490 1900 2269 2764 2926 3195 3546 4130 4813 5184 5747 6249 6851 7199 7557 8409 9105 9280 9911 
24 180 509 751 878 1288 1648 2002 2294 2494 2974 3657 3916 4584 5068 5426 6175 6642 7307 7619 7945 8427 8986 9164 9671 
25 181 826 931 1134 1722 1846 2043 2323 3022 3362 3785 4286 4448 4791 5054 5776 6487 6930 7301 7778 8126 8715 9094 9412 9628 
22 182 505 986 1260 1432 1949 2524 3284 3955 4381 4795 5138 5379 6178 6584 6860 7078 7497 8021 8768 9114 9893 
24 183 412 711 1235 1292 1704 2037 2293 2702 3202 3510 3912 4223 4712 5048 5384 5804 6295 7083 7525 8038 8720 9396 9792 
20 184 803 1207 1508 2008 2320 2665 3174 3582 4037 4816 5322 5495 6079 6505 6994 7214 7661 8456 9311 
25 185 463 739 1145 1422 1730 2287 2887 3278 3587 4030 4485 4691 4886 5519 5802 6225 6656 7142 7282 7718 8312 8944 9375 9852 
22 186 351 951 1523 1971 2314 2844 3286 3614 4000 4409 4793 5142 5424 5729 6083 6619 7413 7891 8739 9368 9691 
26 187 436 764 871 1136 1533 2052 2428 2827 3056 3175 3426 3577 4064 4567 4946 5328 6014 6489 6969 7220 7848 8179 8976 9541 9801 
22 188 970 1562 1921 2026 2268 2545 3007 3749 4424 4739 4995 5318 5633 6100 6437 6874 7342 7930 8425 9092 9610 
25 189 449 654 875 1383 1592 1982 2316 2739 2981 3412 4161 4638 5203 5579 5839 6223 6565 7051 7573 7987 8321 9069 9630 9809 
24 190 549 910 1304 1610 1743 2296 2786 3481 3846 4175 4641 5032 5257 5760 6183 6604 7156 7588 7802 8398 8773 9057 9686 
25 191 502 876 1036 1259 1677 1991 2405 2835 3267 3652 4140 4708 4987 5132 5485 6165 6455 6568 7045 7817 8337 8748 9363 9812 
23 192 674 1253 1626 1985 2116 2615 3017 3442 3793 4089 4518 4762 5264 5763 6017 6394 7044 7555 7968 8578 9078 9595 
24 193 360 676 1155 1555 1831 2358 2828 3166 3403 3830 3984 4393 4871 5338 5779 6147 6465 7204 7257 7835 8496 9176 9659 
24 194 557 720 942 1347 1874 2333 2628 2956 3253 3814 4249 4722 5122 5662 6305 6926 7005 7387 7770 8493 8755 9430 9643 
25 195 733 1077 1403 1633 1908 2073 2443 3009 3441 3779 4092 4198 4561 4929 5350 5853 6218 6782 7308 7903 8314 8939 9383 9713 
26 196 553 968 1196 1672 2079 2272 2522 2722 2962 3310 3666 3838 4231 4589 5018 5196 5978 6627 7049 7411 7498 8075 8893 9169 9711 
23 197 358 573 1066 1503 1720 1890 2154 2520 3139 3569 4199 4716 5089 5586 6181 6583 7174 7508 8115 8413 8864 9532 
24 198 724 916 1400 1489 1872 2193 2369 2729 3261 3807 4002 4406 4669 5369 5727 6370 7018 7225 7589 8113 8706 9208 9644 
26 199 372 652 991 1457 1759 2047 2701 2806 3165 3477 3826 4085 4519 4897 5284 5648 6247 6714 7317 7466 7615 8287 8861 9534 9704 
22 200 603 1046 1566 2352 2810 3263 3908 4167 4566 5191 5909 6390 6705 7088 7265 7456 7897 8501 8925 9181 9542 
23 201 396 613 854 1333 1755 2203 2490 2775 3254 3430 4261 4622 5242 5704 6044 6758 7423 7811 8270 8792 9326 9835 
25 202 672 887 1166 1721 1823 2053 2344 2690 3008 3486 3840 4320 4875 5227 5412 5929 6611 7365 7616 8129 8800 9234 9613 9877 
25 203 470 775 1011 1293 1944 2317 2721 3194 3506 3737 4076 4608 5291 5681 5834 6196 6724 7192 7746 8116 8310 8774 9018 9657 
21 204 477 1206 1561 1756 2485 2732 3067 3468 4017 4654 5163 5601 6281 6628 6919 7374 8092 8558 9500 9771 
22 205 821 1389 1747 2371 2709 3010 3367 3904 4159 4590 4982 5571 6088 6383 6775 7188 7889 8124 8999 9372 9656 
29 206 490 587 725 1090 1118 1332 1612 1860 2061 2136 2463 2754 3006 3173 3992 4544 4832 5261 5616 6233 6632 6967 7399 7783 8209 8571 9103 9973 
25 207 529 830 1314 1637 1864 2134 2502 3207 3413 3844 4116 4385 4771 5199 5576 5856 6280 6795 7056 7629 8148 8959 9330 9734 
23 208 419 852 1295 1428 2076 2353 2888 3192 3574 3947 4240 4639 5444 5879 6228 6617 7095 7816 8402 9221 9483 9674 
27 209 399 630 953 1369 1960 2408 2639 2787 3497 3653 3761 4230 4621 4973 5549 6074 6533 6780 6964 7518 7843 8144 8479 8853 9480 9881 
26 210 384 678 889 1469 2041 2240 2611 2976 3371 3669 4013 4665 5100 5625 5983 6166 6547 6789 7401 7911 8262 8652 8979 9278 9776 
22 211 696 1034 1521 1781 2044 2472 3057 3461 4021 4600 5080 5650 6068 6324 6836 7226 7687 8223 8801 9245 9490 
20 212 434 870 1280 1754 2347 2769 3053 3531 3946 4524 4958 5386 6174 6759 6948 7729 8147 8485 9163 
23 213 940 1312 1885 2197 2429 2684 3064 3320 4193 4752 5392 5765 6124 6521 6691 7224 7829 8004 8583 8805 9552 9782 
23 214 485 716 1334 1727 2092 2302 2700 3068 3554 3880 4207 4833 5591 5948 6368 6666 7131 7534 8175 8642 9244 9683 
21 215 438 670 1127 1702 2377 2792 3231 3684 4196 4492 4893 5078 5415 5821 6266 6719 7451 7858 8222 9171 
24 216 484 758 1348 1675 2031 2424 2580 2846 3484 3786 4178 4570 4983 5292 5961 6391 6738 7106 7677 8219 8855 9226 9663 
25 217 640 975 1256 1509 1783 2439 2977 3439 3718 4203 4672 4977 5234 5544 5686 5986 6667 7243 7690 8241 8696 9146 9269 9970 
21 218 496 773 1228 1609 2253 2727 3147 3561 3896 4267 4508 5194 5728 6362 6937 7502 8098 8559 8879 9722 
24 219 637 950 1232 1448 1681 1811 2391 3043 3348 3722 4168 4505 5275 5782 6053 6549 7038 7326 7610 7975 8531 8803 9652 
22 220 958 1391 1745 2162 2531 2622 2824 3351 3850 4233 4571 4986 5471 5824 6345 6744 7103 7680 8567 9160 9736 
28 221 510 766 1246 1487 1662 1866 2263 2919 3250 3558 3920 4035 4411 4936 5309 5622 6070 6441 6830 7561 7800 8211 8671 8827 9017 9287 9900 
23 222 403 617 1074 1442 2221 2626 2938 3428 3805 4003 4370 4968 5761 6134 6451 6877 7231 7758 8068 8750 9398 9562 
24 223 656 874 1119 1437 1750 2252 2687 3130 3735 4042 4429 4988 5238 5691 6219 6408 6730 7163 7652 7961 8329 9203 9682 
22 224 445 864 1184 1294 1605 1916 2022 2673 3085 3404 3727 4444 4947 5405 5655 6116 6711 7267 7837 8323 9108 
26 225 533 896 1069 1338 1671 1981 2361 2755 3189 3644 3967 4300 4770 5090 5609 5927 6470 6733 7263 7562 8011 8317 8738 9348 9863 
20 226 619 1085 1639 2398 2737 3368 4136 4334 5002 5581 5902 6418 6793 6997 7443 8214 8686 9112 9651 
23 227 369 645 1042 1460 1751 2016 2506 3092 3450 3745 4112 4640 5040 5507 5946 6071 6787 7319 7879 8593 9207 9758 
21 228 418 825 1015 1376 1870 2081 2444 3222 3680 4126 4651 5035 5670 6172 6784 7483 7989 8391 8895 9528 
24 229 718 1170 1433 1953 2354 2831 3266 3610 4007 4419 4725 4823 5143 5694 5947 6009 6288 6663 7168 7863 8358 8674 9545 
24 230 578 966 1271 1638 2072 2288 2839 3409 3771 4027 4434 5006 5380 6085 6524 6801 7306 7463 7919 8132 8582 9032 9845 
24 231 748 1212 1606 2131 2324 2447 2908 3257 3591 3997 4306 4812 5335 5857 6090 6365 6792 6968 7604 8059 8618 9275 9829 
24 232 524 888 1262 1635 1957 2109 2518 2982 3451 3915 4128 4644 5179 5913 6212 6373 6734 7208 7556 8117 8705 8772 9450 
24 233 519 843 1362 1709 1877 2342 3079 3434 3802 4351 4912 5124 5414 5770 6251 6673 7361 7733 8225 8822 9501 9690 9879 
24 234 451 639 1185 1541 1986 2232 2699 3211 3517 3808 4266 4465 4862 5347 5737 6206 6630 7079 7602 8188 8452 9152 9760 
21 235 615 993 1402 2161 2646 3121 3226 3788 4108 4489 4819 5353 5738 6127 6636 7127 7722 8100 8908 9873 
24 236 406 757 960 1161 1392 1951 2367 2521 2744 2984 3580 4024 4241 4628 5439 6075 6359 6884 7532 8146 8747 8878 9434 
26 237 658 933 1237 1801 2088 2303 2561 2871 3411 3639 4051 4372 5022 5225 5667 6049 6483 6862 7321 7777 8357 8868 9369 9815 9952 
22 238 543 770 1133 1594 2301 2710 3164 3560 4137 4496 4898 5192 5750 6339 6685 6932 7706 8463 8953 9179 9995 
24 239 583 880 1156 1493 1849 2155 2511 2913 3071 3427 3810 4495 5026 5342 5759 6186 6904 7371 7730 8067 8532 9335 9917 
25 240 421 721 1012 1407 1998 2425 2761 3074 3495 3752 4162 4292 4603 5155 5594 6207 6872 7624 7902 8283 8676 9012 9387 9673 
26 241 581 898 1053 1536 1806 2357 2671 3106 3268 3692 4331 4726 5021 5683 6078 6375 6913 7293 7646 8023 8298 8647 9154 9524 9905 
26 242 657 891 1125 1478 1979 2334 2677 3065 3503 4082 4176 4499 4839 5224 5420 5924 6287 6834 6989 7565 7997 8589 8813 9373 9789 
26 243 972 1128 1596 1909 2376 2582 2749 3225 3466 3723 4247 4642 4905 5073 5496 5962 6592 6958 7407 7725 8181 8437 8842 9557 9953 
24 244 577 932 1381 1622 1792 2169 2480 2784 3230 3700 4105 4758 5175 5539 6138 6514 6614 7063 7600 8275 8909 9320 9598 
21 245 824 1103 1869 2198 2829 3126 3463 4069 4290 4463 4728 5506 5859 6256 6901 7237 7942 8528 8975 9586 
24 246 431 582 799 1248 1621 2176 2503 3082 3547 3979 4502 4877 5372 5674 6144 6650 7303 7755 7933 8300 8938 9206 9810 
22 247 811 1364 1778 2054 2437 2816 3170 3573 4145 4653 5231 5739 5980 6471 7075 7378 7805 8236 8591 9137 9550 
22 248 467 737 1375 1771 2159 2306 2809 3241 3691 4081 4482 5095 5547 5772 6252 6788 7272 7737 8522 9101 9521 
24 249 544 914 1137 1517 1955 2329 2704 3091 3539 3951 4403 4619 4720 5249 5800 6312 6813 7152 7450 8131 8355 8798 9389 
27 250 479 741 861 1202 1411 1694 2192 2620 2802 3227 3373 3948 4378 4659 4916 5164 5536 6395 6654 6996 7559 8248 8576 8912 9232 9577 
24 251 507 857 1222 1502 1861 2059 2476 2794 3048 3523 4009 4220 4597 4854 5243 5572 5871 6337 6506 7362 8101 8763 9676 
24 252 474 663 872 1167 1545 1820 2246 2748 2935 3358 4235 4775 5272 5661 5969 6216 6684 7094 7920 8094 8318 8806 9358 
22 253 503 851 1459 1772 2123 2409 2602 2928 3397 3931 4285 4763 5578 6336 6653 7058 7334 7659 8156 9085 9741 
27 254 382 767 1037 1339 1678 2238 2339 2692 3122 3568 3963 4418 4876 5157 5293 5397 5793 6188 6542 7037 7404 7635 7917 8509 9192 9843 
25 255 626 1153 1655 2137 2605 2927 3391 3733 3944 4156 4373 4449 4925 5177 5434 5817 6318 6468 6806 7504 8041 8787 9259 9841 
23 256 631 1095 1444 1735 2222 2767 3046 3341 3971 4396 4699 5222 5440 5785 6065 6371 7198 7554 8047 8476 9343 9912 
22 257 717 886 1225 1627 1956 2243 2751 3239 3688 4210 4698 5027 5629 6307 6757 7377 7540 7971 8414 8990 9525 
22 258 789 928 1465 1913 2074 2551 2931 3536 3787 4454 4952 5240 5977 6268 6522 7052 7453 7870 8289 9008 9548 
23 259 599 840 1159 1567 1689 2215 2404 2873 3381 3633 4111 4280 4583 5228 5672 6240 6582 7274 7796 8537 8965 9765 
22 260 570 1176 1439 2051 2422 2741 3084 3498 3919 4365 4990 5597 5860 6334 6855 7396 7665 7954 8284 9011 9689 
27 261 807 1186 1378 1601 1912 2229 2363 2685 3073 3277 3647 4257 4484 4799 5111 5606 5796 6184 6716 7024 7348 7663 7861 8489 8898 9458 
21 262 623 917 1281 1584 2000 2464 2773 3271 3509 4010 4564 4984 5551 5925 6269 6686 7349 8081 8962 9827 
23 263 405 792 1057 1366 1882 2080 2539 3014 3336 3685 4045 4288 4676 5205 5812 6546 6981 7583 8160 8294 8923 9222 
25 264 742 973 1311 1839 2172 2478 2815 3012 3488 3702 4019 4540 4997 5402 5786 6355 6725 7376 7703 7972 8616 8891 9342 9847 
24 265 679 776 1154 1774 2138 2430 2989 3447 3710 3870 4587 4846 5294 5891 6191 6529 6852 7330 7827 8511 8993 9337 9783 
22 266 571 818 1273 1516 1680 2200 2474 2882 3812 4282 4529 5281 5531 6401 6702 7135 7712 8133 8446 8771 9405 
24 267 537 704 894 1302 1729 2278 2997 3321 3603 3954 4272 4779 5075 5365 6126 6648 7124 7445 7731 8215 8777 9116 9487 
26 268 452 633 884 1163 1413 1845 2613 3314 3648 3999 4180 4667 5037 5441 5783 6289 6848 7111 7446 7943 8331 9077 9301 9580 9897 
22 269 755 938 1194 1850 2283 2719 3205 3635 4074 4547 4855 5135 5745 6173 6502 6902 7261 7595 8385 8600 9081 
24 270 471 777 1093 1252 1728 1994 2454 2878 3156 3818 4374 4781 5301 6034 6180 6537 6953 7548 7886 8151 8692 8987 9381 
24 271 433 595 937 1268 1851 2173 2390 2876 3282 3566 3952 4243 4663 5508 5896 6629 7108 7818 8435 8852 9197 9418 9828 
23 272 822 1172 1687 1966 2248 2552 3137 3620 4102 4348 4618 5187 5474 5873 6018 6321 6866 7696 8217 8635 9023 9300 
28 273 447 882 1272 1500 1623 1932 2194 2523 3135 3359 3586 3854 4097 4387 4610 5094 5422 5901 6327 6645 6943 7285 7774 8168 8477 9185 9763 
29 274 416 747 1043 1251 1540 2075 2330 2572 2750 2964 3303 3768 4171 4281 4740 5105 5413 5637 6051 6478 6875 7068 7553 8259 8623 8779 9109 9846 
27 275 432 618 1112 1401 1550 1800 2111 2311 2817 3203 3594 4026 4283 4999 5202 5435 5985 6360 6741 7077 7228 7444 8024 8563 9198 9536 
24 276 556 909 1201 1554 1841 2284 2716 3228 3816 4188 4439 4953 5663 5840 6041 6377 6999 7415 7671 7908 8387 8935 9705 
24 277 425 703 873 1359 1972 2489 2740 2939 3086 3507 3994 4412 4894 5289 6026 6588 6893 7435 7852 8226 8603 8785 9214 
23 278 415 714 1059 1249 1690 1791 2034 2631 3077 3470 4117 4528 4860 5521 5932 6388 7053 7522 8159 8650 9156 9694 
23 279 554 746 984 1223 1865 2394 2907 3350 3942 4174 4822 5357 5773 5888 6366 7004 7560 8025 8555 9082 9618 9982 
21 280 517 964 1321 1515 2082 2420 2768 3262 3790 4504 4945 5382 5904 6080 6755 7155 7651 8254 9050 9645 
23 281 542 903 1479 1995 2190 2790 3083 3338 3593 3928 4517 4930 5268 5618 6331 6722 7107 7739 8271 8731 8984 9729 
23 282 817 1189 1345 1855 2217 2796 3386 3784 4040 4527 4742 5003 5355 5607 5877 6376 6569 7000 7877 8190 8770 9849 
22 283 354 591 976 1061 1450 2158 2712 3217 3754 3980 4470 5058 5731 6107 6443 7105 7632 7948 8560 9024 9896 
23 284 534 694 1165 1544 1821 2362 3004 3713 3897 4352 4546 4873 5277 5470 6114 6414 7157 7702 8206 8658 8978 9341 
25 285 738 1026 1319 1507 1943 2100 2461 2897 3259 3796 4205 4472 4861 5271 5799 6243 6472 6713 7153 7745 8163 8497 9388 9697 
23 286 480 913 1467 1701 2096 2832 3032 3565 3940 4326 4537 5083 5339 5642 6119 6573 7089 7536 7941 8420 8844 9307 
24 287 605 715 1152 1620 1894 2050 2421 2914 3102 3740 4164 4577 5173 5774 6381 6870 7207 7753 8185 8397 8799 9438 9894 
23 288 589 844 1169 1456 1897 2077 2389 2697 3078 3730 3906 4441 4588 4914 5304 6221 6743 7258 7881 8617 9167 9833 
24 289 377 625 867 1229 1793 2297 2614 2909 3223 3480 3913 4363 4825 5038 5421 5825 6513 7287 7771 7983 8307 9255 9780 
21 290 462 760 1073 1767 2401 3080 3706 4072 4263 4401 4821 5220 5749 6141 6944 7571 7857 7963 8703 9409 
23 291 491 1000 1340 1816 2093 2213 2543 3176 3485 3682 3989 4648 5131 5845 6145 6695 7211 7526 7926 8308 9230 9839 
23 292 446 1130 1538 2067 2482 2947 3535 3982 4476 4888 5186 5710 5943 6431 6829 7221 7875 8378 8675 8905 9317 9910 
21 293 461 990 1436 2010 2350 2588 3161 3502 3776 3939 4388 4817 5437 5872 6571 7310 8187 8599 9138 9901 
25 294 584 1092 1350 1549 1947 2167 2650 2894 3311 3542 4086 4329 4633 5087 5732 6246 6805 7062 7340 7762 8247 8527 8941 9999 
27 295 782 912 1305 1593 1830 2165 2340 2499 2859 3219 3401 3552 3941 4298 4696 5170 5836 6031 6453 7264 7599 8192 8667 9296 9566 9918 
23 296 466 1107 1429 1936 2261 2715 2970 3623 3736 4062 4312 4745 5265 5408 5715 6433 7184 7791 8009 8764 9029 9904 
26 297 379 531 759 1102 1571 1843 2144 2491 2925 3585 3975 4134 4408 4724 5211 5562 5893 6439 6837 7688 8114 8392 8921 9404 9932 
23 298 690 901 1654 2099 2706 2898 3393 3773 4190 4513 4723 5494 5813 6435 7507 7832 7978 8333 8664 9063 9463 9717 
23 299 376 561 794 1140 1560 1836 2216 3108 3602 4041 4612 5044 5501 5741 6342 7034 7154 7691 8112 8743 9127 9510 
22 300 456 835 1242 1647 1970 2380 2667 3352 3755 4177 4414 5183 5510 5998 6290 6960 7623 8136 8815 9312 9759 
26 301 367 566 1144 1307 1524 1837 2249 2583 2948 3599 4014 4273 4580 4842 5070 5577 6135 6575 6917 7187 7505 8048 8384 8825 9547 
24 302 539 837 1084 1424 1656 1922 2187 2438 2575 3021 3508 4357 4747 5178 5780 6140 6607 7182 7693 8150 8708 9119 9654 
22 303 559 929 1198 1703 2113 2313 2885 3297 3663 4368 4767 5290 5636 6097 6624 7302 7596 7950 8361 8672 9587 
27 304 498 1001 1485 2006 2365 2735 2979 3329 3719 3841 3998 4339 4706 5366 5646 5870 6343 6783 7283 7766 8155 8581 8839 9216 9508 9903 
22 305 762 1003 1480 1764 2321 2746 3047 3410 4067 4582 5072 5695 6091 6590 6918 7291 7582 8202 8665 9237 9855 
21 306 622 1115 1473 1901 2513 2826 3396 3622 3990 4377 4734 5047 5487 5996 6450 6947 7434 7967 8426 9560 
24 307 793 1320 1649 1827 2185 2427 2679 3197 3504 3925 4380 4601 4732 5285 6023 6230 6707 7304 7676 8280 8758 9305 9578 
25 308 596 1072 1379 1586 1776 2393 2616 2819 3072 3419 3714 4101 4674 4927 5315 6169 6690 7242 7795 8382 8869 9186 9596 9878 
27 309 499 866 1104 1346 1682 1847 2299 2596 2789 3058 3308 3795 4138 4399 4636 4948 5214 5854 6526 7462 7831 8149 8585 8856 9349 9923 
23 310 527 850 1105 1200 1341 1948 2292 3000 3538 4001 4375 5011 5297 5792 6038 6449 6761 7271 7873 8474 9071 9867 
25 311 513 895 1325 1583 1992 2331 2736 3159 3392 3649 4053 4341 5019 5374 5567 5988 6389 6882 7312 8198 8668 8880 9253 9399 
25 312 693 892 1148 1316 1669 1983 2110 2691 3132 3526 3676 3903 4376 4818 5255 5725 5866 6432 7091 7591 8276 9003 9262 9720 
22 313 576 836 1261 1914 2547 2821 3089 3596 3988 4520 5252 5457 5830 6239 6709 7067 7670 8483 8943 9209 9633 
24 314 385 698 1100 1504 2085 2544 2955 3279 3721 4271 4593 5123 5433 5971 6515 6962 7218 7672 8171 8371 8775 9291 9661 
25 315 812 1056 1301 1441 1854 2257 2644 2901 3167 3741 4212 4468 4750 5053 5819 6270 6742 7002 7469 7713 8296 8807 9647 9944 
24 316 353 497 877 1158 1326 1691 2375 2902 3475 3715 4059 4332 4605 5303 5527 6139 6693 7097 7500 7775 8251 8769 9401 
24 317 604 1296 1868 2207 2559 2833 3201 3521 3938 4154 4711 5151 5459 5720 6063 6499 6878 7070 7681 8109 8659 8932 9712 
21 318 492 920 1464 1699 2078 2629 3125 3343 3731 3935 4404 5042 5466 5897 6393 6921 7440 7999 8666 9486 
22 319 598 1079 1705 2142 2562 3070 3449 3689 4248 4826 4991 5515 5791 6248 6700 6858 7515 7885 8574 9067 9748 
27 320 402 487 813 1279 1663 1911 2295 2532 2889 3204 3588 3901 4353 4687 5015 5230 5657 6378 7241 7564 7814 8245 8536 9034 9455 9927 
26 321 638 1039 1360 1852 2107 2351 2945 3206 3674 4056 4423 5140 5540 6040 6329 6494 7029 7165 7489 7666 7959 8376 8826 9173 9807 
27 322 465 881 1263 1585 2064 2343 2641 3105 3575 3888 3945 4216 4497 4981 5269 5561 6162 6456 6534 7101 7437 8060 8388 8907 9473 9991 
28 323 459 849 1004 1210 1546 1715 1784 1993 2255 2465 2660 3055 3717 4058 4598 4911 5212 5505 6106 6820 6971 7420 7928 8303 8789 9422 9750 
25 324 612 893 1226 1577 2271 2498 2941 3062 3549 3631 3943 4437 5104 5684 5958 6403 6929 7432 7761 8058 8457 8821 9527 9985 
23 325 482 744 943 1358 1580 1904 2277 2763 3019 3290 3600 4452 4889 5442 5764 6157 6865 7480 7669 8640 9298 9419 
23 326 494 756 1393 1880 2128 2335 2943 3063 3528 3894 4152 4533 5364 5935 6161 6442 6987 7634 8430 8916 9421 9993 
23 327 362 692 1083 1419 1708 2151 2604 2992 3494 4095 4383 5034 5502 5838 6260 6550 6894 7189 7657 8110 9083 9935 
20 328 546 902 1322 1458 1923 2374 2745 3003 3544 4032 4776 5746 6354 6900 7344 7597 8455 8928 9482 
27 329 350 695 935 1182 1646 1928 2262 2486 2932 3248 3583 3993 4509 4677 5107 5570 5858 6082 6415 7093 7333 7810 8066 8306 8597 9299 
21 330 730 1213 1542 1803 2493 2742 3453 3930 4456 4857 5036 5361 6273 6942 7017 7542 8186 8735 9297 9766 
24 331 430 732 1142 1427 1853 2298 2541 2800 3052 3370 3898 4191 4276 4735 5219 5808 6553 7007 7727 8347 8863 9212 9744 
25 332 600 1241 1565 1978 2546 3061 3537 3834 4063 4250 4666 4831 5410 5602 6104 6811 7073 7499 7872 8309 8759 9091 9464 9981 
26 333 457 992 1398 1863 2181 2423 2693 3036 3421 3825 4360 4576 4811 5101 5664 5850 6028 6427 6659 7112 7424 7996 8612 9148 9624 
20 334 361 763 1110 1356 1918 2289 2858 3151 3493 4200 4858 5300 5892 6153 6625 7278 7682 8422 9295 
25 335 475 787 1264 1474 1746 2045 2290 3024 3456 3886 4301 4681 5190 5659 5833 6193 6539 7057 7468 7924 8656 8985 9283 9757 
23 336 660 955 1239 1570 1997 2282 2549 2916 3726 4113 4477 4572 5223 5538 5863 6447 6949 7311 7626 8106 8776 9452 
24 337 565 1245 1382 1661 2178 2508 2869 3402 3872 3973 4337 4658 5117 5497 6244 6538 6824 7041 7598 8458 8972 9474 9886 
25 338 648 841 1298 1736 2140 2681 3087 3238 3345 3650 4163 4569 5023 5367 5666 6187 6740 6946 7276 7605 8153 8917 9316 9575 
24 339 373 749 1023 1462 1807 2244 2526 3113 3479 3864 4493 4908 5709 6176 6551 7013 7386 7895 8444 8889 9359 9746 9983 
22 340 585 1002 1224 1604 1961 2601 2951 3382 3609 4221 4907 5754 6358 6660 6977 7531 7990 8345 8677 9217 9668 
25 341 383 610 1052 1484 1828 2210 2578 2918 3096 3543 3750 4295 4647 5368 5592 6120 6272 6776 7117 7839 8304 8691 9143 9703 
22 342 636 1318 1789 2184 2723 3095 3553 4012 4514 4623 5314 5861 6320 6769 7113 7345 7834 8521 8881 9134 9603 
23 343 511 1065 1266 1695 1902 2683 2998 3389 3871 4127 4426 4962 5381 5900 6167 6561 7090 7410 7876 8342 8752 9331 
23 344 417 620 819 1067 1531 1954 2265 2653 2872 3437 3885 4104 4443 4978 5582 6035 6649 7350 7962 8467 9090 9448 
22 345 671 999 1171 1505 2108 2590 3144 3464 4143 4683 5376 5589 5989 6236 6490 7046 7601 8302 9370 9710 9971 
20 346 486 624 1336 1628 1967 2228 2777 3208 3500 3917 4407 5016 5688 6217 6517 7273 7821 8380 9423 
23 347 606 967 1421 1519 2126 2426 2811 3309 3424 3986 4229 4820 5299 5875 6332 6688 7213 8082 8495 8811 9332 9724 
24 348 424 740 998 1308 1581 1930 2462 2942 3357 3819 4157 4731 5088 5458 5956 6696 7202 7868 8199 8480 8837 9354 9876 
22 349 682 1081 1495 1683 1935 2373 2801 3445 4020 4689 5056 5385 5742 6508 6670 7372 7826 7998 8602 9201 9779 
